This is pdfTeX, Version 3.14159265-2.6-1.40.18 (MiKTeX 2.9.6350 64-bit) (preloaded format=pdflatex 2017.6.5)  30 OCT 2017 14:07
entering extended mode
**./Manuscript_ViscousInstabilities_KC.tex
(Manuscript_ViscousInstabilities_KC.tex
LaTeX2e <2017-04-15>
Babel <3.10> and hyphenation patterns for 75 language(s) loaded.
(elsarticle.cls
Document Class: elsarticle 2009/09/17, 1.20b: Elsevier Ltd
\@bls=\dimen102

("C:\Users\kchristou\AppData\Local\Programs\MiKTeX 2.9\tex\latex\base\article.c
ls"
Document Class: article 2014/09/29 v1.4h Standard LaTeX document class

("C:\Users\kchristou\AppData\Local\Programs\MiKTeX 2.9\tex\latex\base\size12.cl
o"
File: size12.clo 2014/09/29 v1.4h Standard LaTeX file (size option)
)
\c@part=\count79
\c@section=\count80
\c@subsection=\count81
\c@subsubsection=\count82
\c@paragraph=\count83
\c@subparagraph=\count84
\c@figure=\count85
\c@table=\count86
\abovecaptionskip=\skip41
\belowcaptionskip=\skip42
\bibindent=\dimen103
)
("C:\Users\kchristou\AppData\Local\Programs\MiKTeX 2.9\tex\latex\graphics\graph
icx.sty"
Package: graphicx 2014/10/28 v1.0g Enhanced LaTeX Graphics (DPC,SPQR)

("C:\Users\kchristou\AppData\Local\Programs\MiKTeX 2.9\tex\latex\graphics\keyva
l.sty"
Package: keyval 2014/10/28 v1.15 key=value parser (DPC)
\KV@toks@=\toks14
)
("C:\Users\kchristou\AppData\Local\Programs\MiKTeX 2.9\tex\latex\graphics\graph
ics.sty"
Package: graphics 2017/04/14 v1.1b Standard LaTeX Graphics (DPC,SPQR)

("C:\Users\kchristou\AppData\Local\Programs\MiKTeX 2.9\tex\latex\graphics\trig.
sty"
Package: trig 2016/01/03 v1.10 sin cos tan (DPC)
)
("C:\Users\kchristou\AppData\Local\Programs\MiKTeX 2.9\tex\latex\graphics-cfg\g
raphics.cfg"
File: graphics.cfg 2016/06/04 v1.11 sample graphics configuration
)
Package graphics Info: Driver file: pdftex.def on input line 99.

("C:\Users\kchristou\AppData\Local\Programs\MiKTeX 2.9\tex\latex\graphics-def\p
dftex.def"
File: pdftex.def 2017/01/12 v0.06k Graphics/color for pdfTeX

("C:\Users\kchristou\AppData\Local\Programs\MiKTeX 2.9\tex\generic\oberdiek\inf
warerr.sty"
Package: infwarerr 2016/05/16 v1.4 Providing info/warning/error messages (HO)
)
("C:\Users\kchristou\AppData\Local\Programs\MiKTeX 2.9\tex\generic\oberdiek\ltx
cmds.sty"
Package: ltxcmds 2016/05/16 v1.23 LaTeX kernel commands for general use (HO)
)
\Gread@gobject=\count87
))
\Gin@req@height=\dimen104
\Gin@req@width=\dimen105
)
("C:\Users\kchristou\AppData\Local\Programs\MiKTeX 2.9\tex\latex\psnfss\pifont.
sty"
Package: pifont 2005/04/12 PSNFSS-v9.2a Pi font support (SPQR) 
LaTeX Font Info:    Try loading font information for U+pzd on input line 63.

("C:\Users\kchristou\AppData\Local\Programs\MiKTeX 2.9\tex\latex\psnfss\upzd.fd
"
File: upzd.fd 2001/06/04 font definitions for U/pzd.
)
LaTeX Font Info:    Try loading font information for U+psy on input line 64.

("C:\Users\kchristou\AppData\Local\Programs\MiKTeX 2.9\tex\latex\psnfss\upsy.fd
"
File: upsy.fd 2001/06/04 font definitions for U/psy.
))
\c@tnote=\count88
\c@fnote=\count89
\c@cnote=\count90
\c@ead=\count91
\c@author=\count92
\@eadauthor=\toks15
\c@affn=\count93
\absbox=\box26
\keybox=\box27
\Columnwidth=\dimen106
\space@left=\dimen107
\els@boxa=\box28
\els@boxb=\box29
\leftMargin=\dimen108
\@enLab=\toks16
\@sep=\skip43
\@@sep=\skip44
 (Manuscript_ViscousInstabilities_KC.spl)
("C:\Users\kchristou\AppData\Local\Programs\MiKTeX 2.9\tex\latex\natbib\natbib.
sty"
Package: natbib 2010/09/13 8.31b (PWD, AO)
\bibhang=\skip45
\bibsep=\skip46
LaTeX Info: Redefining \cite on input line 694.
\c@NAT@ctr=\count94
)
\splwrite=\write3
\openout3 = `Manuscript_ViscousInstabilities_KC.spl'.

\appnamewidth=\dimen109
)
("C:\Users\kchristou\AppData\Local\Programs\MiKTeX 2.9\tex\latex\graphics\epsfi
g.sty"
Package: epsfig 1999/02/16 v1.7a (e)psfig emulation (SPQR)
\epsfxsize=\dimen110
\epsfysize=\dimen111
)
("C:\Users\kchristou\AppData\Local\Programs\MiKTeX 2.9\tex\latex\comment\commen
t.sty"
\CommentStream=\write4
 Excluding comment 'comment')
("C:\Users\kchristou\AppData\Local\Programs\MiKTeX 2.9\tex\latex\oberdiek\epsto
pdf.sty"
Package: epstopdf 2016/05/15 v2.6 Conversion with epstopdf on the fly (HO)

("C:\Users\kchristou\AppData\Local\Programs\MiKTeX 2.9\tex\latex\oberdiek\epsto
pdf-base.sty"
Package: epstopdf-base 2016/05/15 v2.6 Base part for package epstopdf

("C:\Users\kchristou\AppData\Local\Programs\MiKTeX 2.9\tex\latex\oberdiek\grfex
t.sty"
Package: grfext 2016/05/16 v1.2 Manage graphics extensions (HO)

("C:\Users\kchristou\AppData\Local\Programs\MiKTeX 2.9\tex\generic\oberdiek\kvd
efinekeys.sty"
Package: kvdefinekeys 2016/05/16 v1.4 Define keys (HO)
))
("C:\Users\kchristou\AppData\Local\Programs\MiKTeX 2.9\tex\latex\oberdiek\kvopt
ions.sty"
Package: kvoptions 2016/05/16 v3.12 Key value format for package options (HO)

("C:\Users\kchristou\AppData\Local\Programs\MiKTeX 2.9\tex\generic\oberdiek\kvs
etkeys.sty"
Package: kvsetkeys 2016/05/16 v1.17 Key value parser (HO)

("C:\Users\kchristou\AppData\Local\Programs\MiKTeX 2.9\tex\generic\oberdiek\ete
xcmds.sty"
Package: etexcmds 2016/05/16 v1.6 Avoid name clashes with e-TeX commands (HO)

("C:\Users\kchristou\AppData\Local\Programs\MiKTeX 2.9\tex\generic\oberdiek\ifl
uatex.sty"
Package: ifluatex 2016/05/16 v1.4 Provides the ifluatex switch (HO)
Package ifluatex Info: LuaTeX not detected.
)
Package etexcmds Info: Could not find \expanded.
(etexcmds)             That can mean that you are not using pdfTeX 1.50 or
(etexcmds)             that some package has redefined \expanded.
(etexcmds)             In the latter case, load this package earlier.
)))
("C:\Users\kchristou\AppData\Local\Programs\MiKTeX 2.9\tex\generic\oberdiek\pdf
texcmds.sty"
Package: pdftexcmds 2017/03/19 v0.25 Utility functions of pdfTeX for LuaTeX (HO
)

("C:\Users\kchristou\AppData\Local\Programs\MiKTeX 2.9\tex\generic\oberdiek\ifp
df.sty"
Package: ifpdf 2017/03/15 v3.2 Provides the ifpdf switch
)
Package pdftexcmds Info: LuaTeX not detected.
Package pdftexcmds Info: \pdf@primitive is available.
Package pdftexcmds Info: \pdf@ifprimitive is available.
Package pdftexcmds Info: \pdfdraftmode found.
)
Package epstopdf-base Info: Redefining graphics rule for `.eps' on input line 4
38.
Package grfext Info: Graphics extension search list:
(grfext)             [.png,.pdf,.jpg,.mps,.jpeg,.jbig2,.jb2,.PNG,.PDF,.JPG,.JPE
G,.JBIG2,.JB2,.eps]
(grfext)             \AppendGraphicsExtensions on input line 456.
))
("C:\Users\kchristou\AppData\Local\Programs\MiKTeX 2.9\tex\latex\oberdiek\pdfls
cape.sty"
Package: pdflscape 2016/05/14 v0.11 Display of landscape pages in PDF (HO)

("C:\Users\kchristou\AppData\Local\Programs\MiKTeX 2.9\tex\latex\graphics\lscap
e.sty"
Package: lscape 2000/10/22 v3.01 Landscape Pages (DPC)
)
Package pdflscape Info: Auto-detected driver: pdftex on input line 81.

("C:\Users\kchristou\AppData\Local\Programs\MiKTeX 2.9\tex\generic\ifxetex\ifxe
tex.sty"
Package: ifxetex 2010/09/12 v0.6 Provides ifxetex conditional
))
("C:\Users\kchristou\AppData\Local\Programs\MiKTeX 2.9\tex\latex\tools\bm.sty"
Package: bm 2017/01/16 v1.2c Bold Symbol Support (DPC/FMi)
\symboldoperators=\mathgroup4
\symboldletters=\mathgroup5
\symboldsymbols=\mathgroup6
LaTeX Font Info:    Redeclaring math alphabet \mathbf on input line 141.
LaTeX Info: Redefining \bm on input line 207.
)
("C:\Users\kchristou\AppData\Local\Programs\MiKTeX 2.9\tex\latex\hyperref\hyper
ref.sty"
Package: hyperref 2017/03/14 v6.85a Hypertext links for LaTeX

("C:\Users\kchristou\AppData\Local\Programs\MiKTeX 2.9\tex\generic\oberdiek\hob
sub-hyperref.sty"
Package: hobsub-hyperref 2016/05/16 v1.14 Bundle oberdiek, subset hyperref (HO)


("C:\Users\kchristou\AppData\Local\Programs\MiKTeX 2.9\tex\generic\oberdiek\hob
sub-generic.sty"
Package: hobsub-generic 2016/05/16 v1.14 Bundle oberdiek, subset generic (HO)
Package: hobsub 2016/05/16 v1.14 Construct package bundles (HO)
Package hobsub Info: Skipping package `infwarerr' (already loaded).
Package hobsub Info: Skipping package `ltxcmds' (already loaded).
Package hobsub Info: Skipping package `ifluatex' (already loaded).
Package: ifvtex 2016/05/16 v1.6 Detect VTeX and its facilities (HO)
Package ifvtex Info: VTeX not detected.
Package: intcalc 2016/05/16 v1.2 Expandable calculations with integers (HO)
Package hobsub Info: Skipping package `ifpdf' (already loaded).
Package hobsub Info: Skipping package `etexcmds' (already loaded).
Package hobsub Info: Skipping package `kvsetkeys' (already loaded).
Package hobsub Info: Skipping package `kvdefinekeys' (already loaded).
Package hobsub Info: Skipping package `pdftexcmds' (already loaded).
Package: pdfescape 2016/05/16 v1.14 Implements pdfTeX's escape features (HO)
Package: bigintcalc 2016/05/16 v1.4 Expandable calculations on big integers (HO
)
Package: bitset 2016/05/16 v1.2 Handle bit-vector datatype (HO)
Package: uniquecounter 2016/05/16 v1.3 Provide unlimited unique counter (HO)
)
Package hobsub Info: Skipping package `hobsub' (already loaded).
Package: letltxmacro 2016/05/16 v1.5 Let assignment for LaTeX macros (HO)
Package: hopatch 2016/05/16 v1.3 Wrapper for package hooks (HO)
Package: xcolor-patch 2016/05/16 xcolor patch
Package: atveryend 2016/05/16 v1.9 Hooks at the very end of document (HO)
Package atveryend Info: \enddocument detected (standard20110627).
Package: atbegshi 2016/06/09 v1.18 At begin shipout hook (HO)
Package: refcount 2016/05/16 v3.5 Data extraction from label references (HO)
Package: hycolor 2016/05/16 v1.8 Color options for hyperref/bookmark (HO)
)
("C:\Users\kchristou\AppData\Local\Programs\MiKTeX 2.9\tex\latex\oberdiek\auxho
ok.sty"
Package: auxhook 2016/05/16 v1.4 Hooks for auxiliary files (HO)
)
\@linkdim=\dimen112
\Hy@linkcounter=\count95
\Hy@pagecounter=\count96

("C:\Users\kchristou\AppData\Local\Programs\MiKTeX 2.9\tex\latex\hyperref\pd1en
c.def"
File: pd1enc.def 2017/03/14 v6.85a Hyperref: PDFDocEncoding definition (HO)
)
\Hy@SavedSpaceFactor=\count97

("C:\Users\kchristou\AppData\Local\Programs\MiKTeX 2.9\tex\latex\00miktex\hyper
ref.cfg"
File: hyperref.cfg 2002/06/06 v1.2 hyperref configuration of TeXLive
)
Package hyperref Info: Hyper figures OFF on input line 4498.
Package hyperref Info: Link nesting OFF on input line 4503.
Package hyperref Info: Hyper index ON on input line 4506.
Package hyperref Info: Plain pages OFF on input line 4513.
Package hyperref Info: Backreferencing OFF on input line 4518.
Package hyperref Info: Implicit mode ON; LaTeX internals redefined.
Package hyperref Info: Bookmarks ON on input line 4751.
\c@Hy@tempcnt=\count98

("C:\Users\kchristou\AppData\Local\Programs\MiKTeX 2.9\tex\latex\url\url.sty"
\Urlmuskip=\muskip10
Package: url 2013/09/16  ver 3.4  Verb mode for urls, etc.
)
LaTeX Info: Redefining \url on input line 5104.
\XeTeXLinkMargin=\dimen113
\Fld@menulength=\count99
\Field@Width=\dimen114
\Fld@charsize=\dimen115
Package hyperref Info: Hyper figures OFF on input line 6358.
Package hyperref Info: Link nesting OFF on input line 6363.
Package hyperref Info: Hyper index ON on input line 6366.
Package hyperref Info: backreferencing OFF on input line 6373.
Package hyperref Info: Link coloring OFF on input line 6378.
Package hyperref Info: Link coloring with OCG OFF on input line 6383.
Package hyperref Info: PDF/A mode OFF on input line 6388.
LaTeX Info: Redefining \ref on input line 6428.
LaTeX Info: Redefining \pageref on input line 6432.
\Hy@abspage=\count100
\c@Item=\count101
\c@Hfootnote=\count102
)

Package hyperref Message: Driver (autodetected): hpdftex.


("C:\Users\kchristou\AppData\Local\Programs\MiKTeX 2.9\tex\latex\hyperref\hpdft
ex.def"
File: hpdftex.def 2017/03/14 v6.85a Hyperref driver for pdfTeX
\Fld@listcount=\count103
\c@bookmark@seq@number=\count104

("C:\Users\kchristou\AppData\Local\Programs\MiKTeX 2.9\tex\latex\oberdiek\rerun
filecheck.sty"
Package: rerunfilecheck 2016/05/16 v1.8 Rerun checks for auxiliary files (HO)
Package uniquecounter Info: New unique counter `rerunfilecheck' on input line 2
82.
)
\Hy@SectionHShift=\skip47
)
Package hyperref Info: Option `colorlinks' set `true' on input line 57.

("C:\Users\kchristou\AppData\Local\Programs\MiKTeX 2.9\tex\latex\amsfonts\amssy
mb.sty"
Package: amssymb 2013/01/14 v3.01 AMS font symbols

("C:\Users\kchristou\AppData\Local\Programs\MiKTeX 2.9\tex\latex\amsfonts\amsfo
nts.sty"
Package: amsfonts 2013/01/14 v3.01 Basic AMSFonts support
\@emptytoks=\toks17
\symAMSa=\mathgroup7
\symAMSb=\mathgroup8
LaTeX Font Info:    Overwriting math alphabet `\mathfrak' in version `bold'
(Font)                  U/euf/m/n --> U/euf/b/n on input line 106.
))
("C:\Users\kchristou\AppData\Local\Programs\MiKTeX 2.9\tex\latex\amsmath\amsmat
h.sty"
Package: amsmath 2016/11/05 v2.16a AMS math features
\@mathmargin=\skip48

For additional information on amsmath, use the `?' option.

("C:\Users\kchristou\AppData\Local\Programs\MiKTeX 2.9\tex\latex\amsmath\amstex
t.sty"
Package: amstext 2000/06/29 v2.01 AMS text

("C:\Users\kchristou\AppData\Local\Programs\MiKTeX 2.9\tex\latex\amsmath\amsgen
.sty"
File: amsgen.sty 1999/11/30 v2.0 generic functions
\@emptytoks=\toks18
\ex@=\dimen116
))
("C:\Users\kchristou\AppData\Local\Programs\MiKTeX 2.9\tex\latex\amsmath\amsbsy
.sty"
Package: amsbsy 1999/11/29 v1.2d Bold Symbols
LaTeX Info: Redefining \boldsymbol on input line 28.
\pmbraise@=\dimen117
)
("C:\Users\kchristou\AppData\Local\Programs\MiKTeX 2.9\tex\latex\amsmath\amsopn
.sty"
Package: amsopn 2016/03/08 v2.02 operator names
)
\inf@bad=\count105
LaTeX Info: Redefining \frac on input line 213.
\uproot@=\count106
\leftroot@=\count107
LaTeX Info: Redefining \overline on input line 375.
\classnum@=\count108
\DOTSCASE@=\count109
LaTeX Info: Redefining \ldots on input line 472.
LaTeX Info: Redefining \dots on input line 475.
LaTeX Info: Redefining \cdots on input line 596.
\Mathstrutbox@=\box30
\strutbox@=\box31
\big@size=\dimen118
LaTeX Font Info:    Redeclaring font encoding OML on input line 712.
LaTeX Font Info:    Redeclaring font encoding OMS on input line 713.
\macc@depth=\count110
\c@MaxMatrixCols=\count111
\dotsspace@=\muskip11
\c@parentequation=\count112
\dspbrk@lvl=\count113
\tag@help=\toks19
\row@=\count114
\column@=\count115
\maxfields@=\count116
\andhelp@=\toks20
\eqnshift@=\dimen119
\alignsep@=\dimen120
\tagshift@=\dimen121
\tagwidth@=\dimen122
\totwidth@=\dimen123
\lineht@=\dimen124
\@envbody=\toks21
\multlinegap=\skip49
\multlinetaggap=\skip50
\mathdisplay@stack=\toks22
LaTeX Info: Redefining \[ on input line 2817.
LaTeX Info: Redefining \] on input line 2818.
)
("C:\Users\kchristou\AppData\Local\Programs\MiKTeX 2.9\tex\latex\tools\array.st
y"
Package: array 2016/10/06 v2.4d Tabular extension package (FMi)
\col@sep=\dimen125
\extrarowheight=\dimen126
\NC@list=\toks23
\extratabsurround=\skip51
\backup@length=\skip52
)
("C:\Users\kchristou\AppData\Local\Programs\MiKTeX 2.9\tex\latex\amscls\amsthm.
sty"
Package: amsthm 2015/03/04 v2.20.2
\thm@style=\toks24
\thm@bodyfont=\toks25
\thm@headfont=\toks26
\thm@notefont=\toks27
\thm@headpunct=\toks28
\thm@preskip=\skip53
\thm@postskip=\skip54
\thm@headsep=\skip55
\dth@everypar=\toks29
LaTeX Info: Redefining \qed on input line 264.
) (Manuscript_ViscousInstabilities_KC.aux)
\openout1 = `Manuscript_ViscousInstabilities_KC.aux'.

LaTeX Font Info:    Checking defaults for OML/cmm/m/it on input line 110.
LaTeX Font Info:    ... okay on input line 110.
LaTeX Font Info:    Checking defaults for T1/cmr/m/n on input line 110.
LaTeX Font Info:    ... okay on input line 110.
LaTeX Font Info:    Checking defaults for OT1/cmr/m/n on input line 110.
LaTeX Font Info:    ... okay on input line 110.
LaTeX Font Info:    Checking defaults for OMS/cmsy/m/n on input line 110.
LaTeX Font Info:    ... okay on input line 110.
LaTeX Font Info:    Checking defaults for OMX/cmex/m/n on input line 110.
LaTeX Font Info:    ... okay on input line 110.
LaTeX Font Info:    Checking defaults for U/cmr/m/n on input line 110.
LaTeX Font Info:    ... okay on input line 110.
LaTeX Font Info:    Checking defaults for PD1/pdf/m/n on input line 110.
LaTeX Font Info:    ... okay on input line 110.

("C:\Users\kchristou\AppData\Local\Programs\MiKTeX 2.9\tex\context\base\supp-pd
f.mkii"
[Loading MPS to PDF converter (version 2006.09.02).]
\scratchcounter=\count117
\scratchdimen=\dimen127
\scratchbox=\box32
\nofMPsegments=\count118
\nofMParguments=\count119
\everyMPshowfont=\toks30
\MPscratchCnt=\count120
\MPscratchDim=\dimen128
\MPnumerator=\count121
\makeMPintoPDFobject=\count122
\everyMPtoPDFconversion=\toks31
)
\AtBeginShipoutBox=\box33

("C:\Users\kchristou\AppData\Local\Programs\MiKTeX 2.9\tex\latex\graphics\color
.sty"
Package: color 2016/07/10 v1.1e Standard LaTeX Color (DPC)

("C:\Users\kchristou\AppData\Local\Programs\MiKTeX 2.9\tex\latex\graphics-cfg\c
olor.cfg"
File: color.cfg 2016/01/02 v1.6 sample color configuration
)
Package color Info: Driver file: pdftex.def on input line 147.
)
Package hyperref Info: Link coloring ON on input line 110.

("C:\Users\kchristou\AppData\Local\Programs\MiKTeX 2.9\tex\latex\hyperref\namer
ef.sty"
Package: nameref 2016/05/21 v2.44 Cross-referencing by name of section

("C:\Users\kchristou\AppData\Local\Programs\MiKTeX 2.9\tex\generic\oberdiek\get
titlestring.sty"
Package: gettitlestring 2016/05/16 v1.5 Cleanup title references (HO)
)
\c@section@level=\count123
)
LaTeX Info: Redefining \ref on input line 110.
LaTeX Info: Redefining \pageref on input line 110.
LaTeX Info: Redefining \nameref on input line 110.
 (Manuscript_ViscousInstabilities_KC.out)
(Manuscript_ViscousInstabilities_KC.out)
\@outlinefile=\write5
\openout5 = `Manuscript_ViscousInstabilities_KC.out'.

LaTeX Font Info:    Try loading font information for U+msa on input line 154.

("C:\Users\kchristou\AppData\Local\Programs\MiKTeX 2.9\tex\latex\amsfonts\umsa.
fd"
File: umsa.fd 2013/01/14 v3.01 AMS symbols A
)
LaTeX Font Info:    Try loading font information for U+msb on input line 154.

("C:\Users\kchristou\AppData\Local\Programs\MiKTeX 2.9\tex\latex\amsfonts\umsb.
fd"
File: umsb.fd 2013/01/14 v3.01 AMS symbols B
) [1


{C:/Users/kchristou/AppData/Local/MiKTeX/2.9/pdftex/config/pdftex.map}]
[2] [3

] [4] [5] [6] [7] [8] [9]

LaTeX Warning: Reference `section:results_dinlet' on page 10 undefined on input
 line 417.

[10] [11] [12]
Overfull \hbox (3.22925pt too wide) in paragraph at lines 514--515
\OT1/cmr/m/n/12 are sta-tis-ti-cally em-bed-ded into per-me-abil-ity (ab-so-lut
e and rel-a-tive) and poros-
 []

[13] [14] [15] [16] [17]
Underfull \hbox (badness 10000) in paragraph at lines 580--581

 []

[18] [19] (Manuscript_ViscousInstabilities_KC.bbl [20

] [21] [22] [23] [24]
Missing character: There is no â in font cmr12!
Missing character: There is no € in font cmr12!
Missing character: There is no “ in font cmr12!

[25]) [26] (Manuscript_ViscousInstabilities_KC.lot)
\tf@lot=\write6
\openout6 = `Manuscript_ViscousInstabilities_KC.lot'.

 [27

] (article_table.tex
[28] [29]) (Manuscript_ViscousInstabilities_KC.lof
Overfull \hbox (4.75485pt too wide) in paragraph at lines 8--8
 \OT1/cmr/m/n/12 per-me-abil-ity dis-tri-bu-tion $[]$, \OT1/cmr/bx/n/12 K$[]$\O
T1/cmr/m/n/12 =10$[]$, 
 []

[30








]
Overfull \hbox (1.20155pt too wide) in paragraph at lines 13--13
 [][] [][][]\OT1/cmr/m/n/12 Impact of mesh res-o-lu-tion on cap-tur-ing flow in
-sta-bil-i-ties: snap- 
 []


Overfull \hbox (1.20155pt too wide) in paragraph at lines 14--14
 [][] [][][]\OT1/cmr/m/n/12 Impact of mesh res-o-lu-tion on cap-tur-ing flow in
-sta-bil-i-ties: snap- 
 []

[31])
\tf@lof=\write7
\openout7 = `Manuscript_ViscousInstabilities_KC.lof'.

 [32] (article_figure1.tex
<./Pics/P1DGP2.pdf, id=675, 343.2825pt x 261.22594pt>
File: ./Pics/P1DGP2.pdf Graphic file (type pdf)
 <use ./Pics/P1DGP2.pdf>
Package pdftex.def Info: ./Pics/P1DGP2.pdf used on input line 7.
(pdftex.def)             Requested size: 195.0pt x 148.38612pt.

[33

 <./Pics/P1DGP2.pdf>]
<./Pics/element_n.pdf, id=683, 557.83406pt x 229.60782pt>
File: ./Pics/element_n.pdf Graphic file (type pdf)

<use ./Pics/element_n.pdf>
Package pdftex.def Info: ./Pics/element_n.pdf used on input line 19.
(pdftex.def)             Requested size: 292.5pt x 120.39876pt.
 [34

 <./Pics/element_n.pdf>]
<./Pics/phase_vol_frac_uni_perm_1.pdf, id=691, 473.51906pt x 170.13562pt>
File: ./Pics/phase_vol_frac_uni_perm_1.pdf Graphic file (type pdf)

<use ./Pics/phase_vol_frac_uni_perm_1.pdf>
Package pdftex.def Info: ./Pics/phase_vol_frac_uni_perm_1.pdf used on input lin
e 30.
(pdftex.def)             Requested size: 292.5pt x 105.09877pt.
 [35

 <./Pics/phase_vol_frac_uni_perm_1.pdf>]
<./Pics1/2b2_wi_fine/2b2_whole_in_fine_perm_1.pdf, id=699, 642.90187pt x 304.13
625pt>
File: ./Pics1/2b2_wi_fine/2b2_whole_in_fine_perm_1.pdf Graphic file (type pdf)
 <use ./Pics1/2b2_wi_fine/2b2_whole_in_fine_perm_1.pdf>
Package pdftex.def Info: ./Pics1/2b2_wi_fine/2b2_whole_in_fine_perm_1.pdf used 
on input line 43.
(pdftex.def)             Requested size: 312.00119pt x 147.60335pt.

<./Pics1/2b2_wi_fine/2b2_whole_in_fine_250_2.pdf, id=700, 831.85782pt x 330.484
68pt>
File: ./Pics1/2b2_wi_fine/2b2_whole_in_fine_250_2.pdf Graphic file (type pdf)
 <use ./Pics1/2b2_wi_fine/2b2_whole_in_fine_250_2.pdf>
Package pdftex.def Info: ./Pics1/2b2_wi_fine/2b2_whole_in_fine_250_2.pdf used o
n input line 50.
(pdftex.def)             Requested size: 331.50238pt x 131.70238pt.

<./Pics1/2b2_wi_fine/2b2_whole_in_fine_3000_2.pdf, id=701, 790.45313pt x 399.74
344pt>
File: ./Pics1/2b2_wi_fine/2b2_whole_in_fine_3000_2.pdf Graphic file (type pdf)
 <use ./Pics1/2b2_wi_fine/2b2_whole_in_fine_3000_2.pdf>
Package pdftex.def Info: ./Pics1/2b2_wi_fine/2b2_whole_in_fine_3000_2.pdf used 
on input line 57.
(pdftex.def)             Requested size: 253.49762pt x 128.19499pt.
 [36 <./Pics1/2b2_wi_fine/2b2_whole_in_fine_perm_1.pdf> <./Pics1/2b2_wi_fine/2b
2_whole_in_fine_250_2.pdf> <./Pics1/2b2_wi_fine/2b2_whole_in_fine_3000_2.pdf>]
<./Pics1/Saffman_homogeneous_MR3/saffman_homo_fixed_2.pdf, id=715, 567.62062pt 
x 296.60812pt>
File: ./Pics1/Saffman_homogeneous_MR3/saffman_homo_fixed_2.pdf Graphic file (ty
pe pdf)
 <use ./Pics1/Saffman_homogeneous_MR3/saffman_homo_fixed_2.pdf>
Package pdftex.def Info: ./Pics1/Saffman_homogeneous_MR3/saffman_homo_fixed_2.p
df used on input line 75.
(pdftex.def)             Requested size: 276.90262pt x 144.69656pt.

<./Pics1/Saffman_homogeneous_MR3/saffman_homo_fixed_250.pdf, id=716, 426.84468p
t x 427.5975pt>
File: ./Pics1/Saffman_homogeneous_MR3/saffman_homo_fixed_250.pdf Graphic file (
type pdf)

<use ./Pics1/Saffman_homogeneous_MR3/saffman_homo_fixed_250.pdf>
Package pdftex.def Info: ./Pics1/Saffman_homogeneous_MR3/saffman_homo_fixed_250
.pdf used on input line 76.
(pdftex.def)             Requested size: 144.2981pt x 144.5526pt.

<./Pics1/Saffman_homogeneous_MR3/saffman_homo_fixed_1000.pdf, id=717, 426.09187
pt x 427.5975pt>
File: ./Pics1/Saffman_homogeneous_MR3/saffman_homo_fixed_1000.pdf Graphic file 
(type pdf)

<use ./Pics1/Saffman_homogeneous_MR3/saffman_homo_fixed_1000.pdf>
Package pdftex.def Info: ./Pics1/Saffman_homogeneous_MR3/saffman_homo_fixed_100
0.pdf used on input line 77.
(pdftex.def)             Requested size: 144.2981pt x 144.80705pt.

<./Pics1/Saffman_homogeneous_MR3/saffman_homo_fixed_2500.pdf, id=718, 428.35031
pt x 427.5975pt>
File: ./Pics1/Saffman_homogeneous_MR3/saffman_homo_fixed_2500.pdf Graphic file 
(type pdf)

<use ./Pics1/Saffman_homogeneous_MR3/saffman_homo_fixed_2500.pdf>
Package pdftex.def Info: ./Pics1/Saffman_homogeneous_MR3/saffman_homo_fixed_250
0.pdf used on input line 82.
(pdftex.def)             Requested size: 148.2019pt x 147.93886pt.

<./Pics1/Saffman_homogeneous_MR3/saffman_homo_fixed_3500.pdf, id=719, 426.84468
pt x 428.35031pt>
File: ./Pics1/Saffman_homogeneous_MR3/saffman_homo_fixed_3500.pdf Graphic file 
(type pdf)

<use ./Pics1/Saffman_homogeneous_MR3/saffman_homo_fixed_3500.pdf>
Package pdftex.def Info: ./Pics1/Saffman_homogeneous_MR3/saffman_homo_fixed_350
0.pdf used on input line 83.
(pdftex.def)             Requested size: 148.2019pt x 148.72874pt.

<./Pics1/Saffman_homogeneous_MR3/saffman_homo_fixed_end.pdf, id=720, 621.07031p
t x 356.83313pt>
File: ./Pics1/Saffman_homogeneous_MR3/saffman_homo_fixed_end.pdf Graphic file (
type pdf)

<use ./Pics1/Saffman_homogeneous_MR3/saffman_homo_fixed_end.pdf>
Package pdftex.def Info: ./Pics1/Saffman_homogeneous_MR3/saffman_homo_fixed_end
.pdf used on input line 84.
(pdftex.def)             Requested size: 257.40143pt x 147.88696pt.
 [37 <./Pics1/Saffman_homogeneous_MR3/saffman_homo_fixed_2.pdf> <./Pics1/Saffma
n_homogeneous_MR3/saffman_homo_fixed_250.pdf> <./Pics1/Saffman_homogeneous_MR3/
saffman_homo_fixed_1000.pdf> <./Pics1/Saffman_homogeneous_MR3/saffman_homo_fixe
d_2500.pdf> <./Pics1/Saffman_homogeneous_MR3/saffman_homo_fixed_3500.pdf> <./Pi
cs1/Saffman_homogeneous_MR3/saffman_homo_fixed_end.pdf>]
<./Pics1/Saffman_homogeneous_VR10/ST_Homog_VR10_D201c.pdf, id=744, 460.72125pt 
x 272.01625pt>
File: ./Pics1/Saffman_homogeneous_VR10/ST_Homog_VR10_D201c.pdf Graphic file (ty
pe pdf)
 <use ./Pics1/Saffman_homogeneous_VR10/ST_Homog_VR10_D201c.pdf>
Package pdftex.def Info: ./Pics1/Saffman_homogeneous_VR10/ST_Homog_VR10_D201c.p
df used on input line 103.
(pdftex.def)             Requested size: 350.99539pt x 195.00896pt.

<./Pics1/Saffman_homogeneous_VR10/ST_Homog_VR10_D1001c.pdf, id=745, 328.22626pt
 x 328.22626pt>
File: ./Pics1/Saffman_homogeneous_VR10/ST_Homog_VR10_D1001c.pdf Graphic file (t
ype pdf)

<use ./Pics1/Saffman_homogeneous_VR10/ST_Homog_VR10_D1001c.pdf>
Package pdftex.def Info: ./Pics1/Saffman_homogeneous_VR10/ST_Homog_VR10_D1001c.
pdf used on input line 105.
(pdftex.def)             Requested size: 195.0pt x 194.99904pt.

<./Pics1/Saffman_homogeneous_VR10/ST_Homog_VR10_D2001c.pdf, id=746, 326.21875pt
 x 326.21875pt>
File: ./Pics1/Saffman_homogeneous_VR10/ST_Homog_VR10_D2001c.pdf Graphic file (t
ype pdf)

<use ./Pics1/Saffman_homogeneous_VR10/ST_Homog_VR10_D2001c.pdf>
Package pdftex.def Info: ./Pics1/Saffman_homogeneous_VR10/ST_Homog_VR10_D2001c.
pdf used on input line 110.
(pdftex.def)             Requested size: 198.89786pt x 198.90353pt.

<./Pics1/Saffman_homogeneous_VR10/ST_Homog_VR10_D2201c.pdf, id=747, 324.21124pt
 x 326.21875pt>
File: ./Pics1/Saffman_homogeneous_VR10/ST_Homog_VR10_D2201c.pdf Graphic file (t
ype pdf)

<use ./Pics1/Saffman_homogeneous_VR10/ST_Homog_VR10_D2201c.pdf>
Package pdftex.def Info: ./Pics1/Saffman_homogeneous_VR10/ST_Homog_VR10_D2201c.
pdf used on input line 111.
(pdftex.def)             Requested size: 195.0pt x 196.2106pt.

<./Pics1/Saffman_homogeneous_VR10/ST_Homog_VR10_D3001c.pdf, id=748, 328.22626pt
 x 327.2225pt>
File: ./Pics1/Saffman_homogeneous_VR10/ST_Homog_VR10_D3001c.pdf Graphic file (t
ype pdf)
 <use ./Pics1/Saffman_homogeneous_VR10/ST_Homog_VR10_D3001c.pdf>
Package pdftex.def Info: ./Pics1/Saffman_homogeneous_VR10/ST_Homog_VR10_D3001c.
pdf used on input line 112.
(pdftex.def)             Requested size: 198.89786pt x 198.29227pt.


LaTeX Warning: Float too large for page by 61.63055pt on input line 119.

[38 <./Pics1/Saffman_homogeneous_VR10/ST_Homog_VR10_D201c.pdf> <./Pics1/Saffman
_homogeneous_VR10/ST_Homog_VR10_D1001c.pdf> <./Pics1/Saffman_homogeneous_VR10/S
T_Homog_VR10_D2001c.pdf> <./Pics1/Saffman_homogeneous_VR10/ST_Homog_VR10_D2201c
.pdf> <./Pics1/Saffman_homogeneous_VR10/ST_Homog_VR10_D3001c.pdf>]
<./Pics1/Saffman_homogeneous_VR150/ST_Homog_VR150_D300b.pdf, id=793, 436.63126p
t x 322.20375pt>
File: ./Pics1/Saffman_homogeneous_VR150/ST_Homog_VR150_D300b.pdf Graphic file (
type pdf)

<use ./Pics1/Saffman_homogeneous_VR150/ST_Homog_VR150_D300b.pdf>
Package pdftex.def Info: ./Pics1/Saffman_homogeneous_VR150/ST_Homog_VR150_D300b
.pdf used on input line 129.
(pdftex.def)             Requested size: 350.99774pt x 195.00516pt.

<./Pics1/Saffman_homogeneous_VR150/ST_Homog_VR150_D1600b.pdf, id=794, 318.18875
pt x 321.2pt>
File: ./Pics1/Saffman_homogeneous_VR150/ST_Homog_VR150_D1600b.pdf Graphic file 
(type pdf)

<use ./Pics1/Saffman_homogeneous_VR150/ST_Homog_VR150_D1600b.pdf>
Package pdftex.def Info: ./Pics1/Saffman_homogeneous_VR150/ST_Homog_VR150_D1600
b.pdf used on input line 131.
(pdftex.def)             Requested size: 195.0pt x 196.84332pt.

<./Pics1/Saffman_homogeneous_VR150/ST_Homog_VR150_D2700b.pdf, id=795, 319.1925p
t x 322.20375pt>
File: ./Pics1/Saffman_homogeneous_VR150/ST_Homog_VR150_D2700b.pdf Graphic file 
(type pdf)

<use ./Pics1/Saffman_homogeneous_VR150/ST_Homog_VR150_D2700b.pdf>
Package pdftex.def Info: ./Pics1/Saffman_homogeneous_VR150/ST_Homog_VR150_D2700
b.pdf used on input line 136.
(pdftex.def)             Requested size: 195.0pt x 196.83897pt.

<./Pics1/Saffman_homogeneous_VR150/ST_Homog_VR150_D4000b.pdf, id=796, 315.1775p
t x 320.19624pt>
File: ./Pics1/Saffman_homogeneous_VR150/ST_Homog_VR150_D4000b.pdf Graphic file 
(type pdf)

<use ./Pics1/Saffman_homogeneous_VR150/ST_Homog_VR150_D4000b.pdf>
Package pdftex.def Info: ./Pics1/Saffman_homogeneous_VR150/ST_Homog_VR150_D4000
b.pdf used on input line 137.
(pdftex.def)             Requested size: 195.0pt x 198.10431pt.

<./Pics1/Saffman_homogeneous_VR150/ST_Homog_VR150_D7000b.pdf, id=797, 320.19624
pt x 318.18875pt>
File: ./Pics1/Saffman_homogeneous_VR150/ST_Homog_VR150_D7000b.pdf Graphic file 
(type pdf)

<use ./Pics1/Saffman_homogeneous_VR150/ST_Homog_VR150_D7000b.pdf>
Package pdftex.def Info: ./Pics1/Saffman_homogeneous_VR150/ST_Homog_VR150_D7000
b.pdf used on input line 138.
(pdftex.def)             Requested size: 198.89786pt x 197.65367pt.


LaTeX Warning: Float too large for page by 62.6657pt on input line 145.

[39 <./Pics1/Saffman_homogeneous_VR150/ST_Homog_VR150_D300b.pdf> <./Pics1/Saffm
an_homogeneous_VR150/ST_Homog_VR150_D1600b.pdf> <./Pics1/Saffman_homogeneous_VR
150/ST_Homog_VR150_D2700b.pdf> <./Pics1/Saffman_homogeneous_VR150/ST_Homog_VR15
0_D4000b.pdf> <./Pics1/Saffman_homogeneous_VR150/ST_Homog_VR150_D7000b.pdf>]
<./Pics1/Saffman_heterogeneous/saffman_heter_fixed_1.pdf, id=842, 344.78813pt x
 344.78813pt>
File: ./Pics1/Saffman_heterogeneous/saffman_heter_fixed_1.pdf Graphic file (typ
e pdf)
 <use ./Pics1/Saffman_heterogeneous/saffman_heter_fixed_1.pdf>
Package pdftex.def Info: ./Pics1/Saffman_heterogeneous/saffman_heter_fixed_1.pd
f used on input line 156.
(pdftex.def)             Requested size: 155.99762pt x 156.00024pt.

<./Pics1/Saffman_heterogeneous_VR10/ST_Heterog_VR10_D200Hb.pdf, id=843, 439.642
5pt x 327.2225pt>
File: ./Pics1/Saffman_heterogeneous_VR10/ST_Heterog_VR10_D200Hb.pdf Graphic fil
e (type pdf)

<use ./Pics1/Saffman_heterogeneous_VR10/ST_Heterog_VR10_D200Hb.pdf>
Package pdftex.def Info: ./Pics1/Saffman_heterogeneous_VR10/ST_Heterog_VR10_D20
0Hb.pdf used on input line 157.
(pdftex.def)             Requested size: 214.50095pt x 155.9965pt.

<./Pics1/Saffman_heterogeneous_VR10/ST_Heterog_VR10_D900Hb.pdf, id=844, 325.215
pt x 307.1475pt>
File: ./Pics1/Saffman_heterogeneous_VR10/ST_Heterog_VR10_D900Hb.pdf Graphic fil
e (type pdf)

<use ./Pics1/Saffman_heterogeneous_VR10/ST_Heterog_VR10_D900Hb.pdf>
Package pdftex.def Info: ./Pics1/Saffman_heterogeneous_VR10/ST_Heterog_VR10_D90
0Hb.pdf used on input line 158.
(pdftex.def)             Requested size: 163.79929pt x 154.70285pt.

<./Pics1/Saffman_heterogeneous_VR10/ST_Heterog_VR10_D5000Hb.pdf, id=845, 325.21
5pt x 326.21875pt>
File: ./Pics1/Saffman_heterogeneous_VR10/ST_Heterog_VR10_D5000Hb.pdf Graphic fi
le (type pdf)

<use ./Pics1/Saffman_heterogeneous_VR10/ST_Heterog_VR10_D5000Hb.pdf>
Package pdftex.def Info: ./Pics1/Saffman_heterogeneous_VR10/ST_Heterog_VR10_D50
00Hb.pdf used on input line 161.
(pdftex.def)             Requested size: 175.49881pt x 176.04597pt.

<./Pics1/Saffman_heterogeneous_VR10/ST_Heterog_VR10_D8000Hb.pdf, id=846, 323.20
75pt x 327.2225pt>
File: ./Pics1/Saffman_heterogeneous_VR10/ST_Heterog_VR10_D8000Hb.pdf Graphic fi
le (type pdf)

<use ./Pics1/Saffman_heterogeneous_VR10/ST_Heterog_VR10_D8000Hb.pdf>
Package pdftex.def Info: ./Pics1/Saffman_heterogeneous_VR10/ST_Heterog_VR10_D80
00Hb.pdf used on input line 162.
(pdftex.def)             Requested size: 175.49881pt x 177.67615pt.

<./Pics1/Saffman_heterogeneous_VR10/ST_Heterog_VR10_D13800Hb.pdf, id=847, 324.2
1124pt x 327.2225pt>
File: ./Pics1/Saffman_heterogeneous_VR10/ST_Heterog_VR10_D13800Hb.pdf Graphic f
ile (type pdf)

<use ./Pics1/Saffman_heterogeneous_VR10/ST_Heterog_VR10_D13800Hb.pdf>
Package pdftex.def Info: ./Pics1/Saffman_heterogeneous_VR10/ST_Heterog_VR10_D13
800Hb.pdf used on input line 163.
(pdftex.def)             Requested size: 175.49881pt x 177.1319pt.


LaTeX Warning: Float too large for page by 25.62094pt on input line 167.

[40 <./Pics1/Saffman_heterogeneous/saffman_heter_fixed_1.pdf> <./Pics1/Saffman_
heterogeneous_VR10/ST_Heterog_VR10_D200Hb.pdf> <./Pics1/Saffman_heterogeneous_V
R10/ST_Heterog_VR10_D900Hb.pdf> <./Pics1/Saffman_heterogeneous_VR10/ST_Heterog_
VR10_D5000Hb.pdf> <./Pics1/Saffman_heterogeneous_VR10/ST_Heterog_VR10_D8000Hb.p
df> <./Pics1/Saffman_heterogeneous_VR10/ST_Heterog_VR10_D13800Hb.pdf>]
<./Pics1/Saffman_heterogeneous_VR150/ST_Heterog_VR150_D200Hb.pdf, id=895, 439.6
425pt x 327.2225pt>
File: ./Pics1/Saffman_heterogeneous_VR150/ST_Heterog_VR150_D200Hb.pdf Graphic f
ile (type pdf)

<use ./Pics1/Saffman_heterogeneous_VR150/ST_Heterog_VR150_D200Hb.pdf>
Package pdftex.def Info: ./Pics1/Saffman_heterogeneous_VR150/ST_Heterog_VR150_D
200Hb.pdf used on input line 178.
(pdftex.def)             Requested size: 253.49684pt x 179.40372pt.

<./Pics1/Saffman_heterogeneous_VR150/ST_Heterog_VR150_D500Hb.pdf, id=896, 321.2
pt x 327.2225pt>
File: ./Pics1/Saffman_heterogeneous_VR150/ST_Heterog_VR150_D500Hb.pdf Graphic f
ile (type pdf)

<use ./Pics1/Saffman_heterogeneous_VR150/ST_Heterog_VR150_D500Hb.pdf>
Package pdftex.def Info: ./Pics1/Saffman_heterogeneous_VR150/ST_Heterog_VR150_D
500Hb.pdf used on input line 179.
(pdftex.def)             Requested size: 175.49881pt x 178.79457pt.

<./Pics1/Saffman_heterogeneous_VR150/ST_Heterog_VR150_D800Hb.pdf, id=897, 322.2
0375pt x 326.21875pt>
File: ./Pics1/Saffman_heterogeneous_VR150/ST_Heterog_VR150_D800Hb.pdf Graphic f
ile (type pdf)

<use ./Pics1/Saffman_heterogeneous_VR150/ST_Heterog_VR150_D800Hb.pdf>
Package pdftex.def Info: ./Pics1/Saffman_heterogeneous_VR150/ST_Heterog_VR150_D
800Hb.pdf used on input line 180.
(pdftex.def)             Requested size: 175.49881pt x 177.6936pt.

<./Pics1/Saffman_heterogeneous_VR150/ST_Heterog_VR150_D1500Hb.pdf, id=898, 321.
2pt x 327.2225pt>
File: ./Pics1/Saffman_heterogeneous_VR150/ST_Heterog_VR150_D1500Hb.pdf Graphic 
file (type pdf)

<use ./Pics1/Saffman_heterogeneous_VR150/ST_Heterog_VR150_D1500Hb.pdf>
Package pdftex.def Info: ./Pics1/Saffman_heterogeneous_VR150/ST_Heterog_VR150_D
1500Hb.pdf used on input line 183.
(pdftex.def)             Requested size: 175.49881pt x 178.79457pt.

<./Pics1/Saffman_heterogeneous_VR150/ST_Heterog_VR150_D5000Hb.pdf, id=899, 323.
2075pt x 325.215pt>
File: ./Pics1/Saffman_heterogeneous_VR150/ST_Heterog_VR150_D5000Hb.pdf Graphic 
file (type pdf)

<use ./Pics1/Saffman_heterogeneous_VR150/ST_Heterog_VR150_D5000Hb.pdf>
Package pdftex.def Info: ./Pics1/Saffman_heterogeneous_VR150/ST_Heterog_VR150_D
5000Hb.pdf used on input line 184.
(pdftex.def)             Requested size: 175.49881pt x 176.5861pt.

<./Pics1/Saffman_heterogeneous_VR150/ST_Heterog_VR150_D8000Hb.pdf, id=900, 322.
20375pt x 329.23pt>
File: ./Pics1/Saffman_heterogeneous_VR150/ST_Heterog_VR150_D8000Hb.pdf Graphic 
file (type pdf)

<use ./Pics1/Saffman_heterogeneous_VR150/ST_Heterog_VR150_D8000Hb.pdf>
Package pdftex.def Info: ./Pics1/Saffman_heterogeneous_VR150/ST_Heterog_VR150_D
8000Hb.pdf used on input line 185.
(pdftex.def)             Requested size: 175.49881pt x 179.33385pt.


LaTeX Warning: Float too large for page by 49.682pt on input line 189.

[41 <./Pics1/Saffman_heterogeneous_VR150/ST_Heterog_VR150_D200Hb.pdf> <./Pics1/
Saffman_heterogeneous_VR150/ST_Heterog_VR150_D500Hb.pdf> <./Pics1/Saffman_heter
ogeneous_VR150/ST_Heterog_VR150_D800Hb.pdf> <./Pics1/Saffman_heterogeneous_VR15
0/ST_Heterog_VR150_D1500Hb.pdf> <./Pics1/Saffman_heterogeneous_VR150/ST_Heterog
_VR150_D5000Hb.pdf> <./Pics1/Saffman_heterogeneous_VR150/ST_Heterog_VR150_D8000
Hb.pdf>]
<./Pics1/Saffman_new/ST_Heterog_50.pdf, id=955, 661.72218pt x 378.66469pt>
File: ./Pics1/Saffman_new/ST_Heterog_50.pdf Graphic file (type pdf)

<use ./Pics1/Saffman_new/ST_Heterog_50.pdf>
Package pdftex.def Info: ./Pics1/Saffman_new/ST_Heterog_50.pdf used on input li
ne 201.
(pdftex.def)             Requested size: 253.49664pt x 175.49945pt.

<./Pics1/Saffman_new/ST_Heterog_500.pdf, id=956, 374.14781pt x 373.395pt>
File: ./Pics1/Saffman_new/ST_Heterog_500.pdf Graphic file (type pdf)

<use ./Pics1/Saffman_new/ST_Heterog_500.pdf>
Package pdftex.def Info: ./Pics1/Saffman_new/ST_Heterog_500.pdf used on input l
ine 202.
(pdftex.def)             Requested size: 175.49881pt x 175.14812pt.

<./Pics1/Saffman_new/ST_Heterog_1000.pdf, id=957, 374.14781pt x 371.88937pt>
File: ./Pics1/Saffman_new/ST_Heterog_1000.pdf Graphic file (type pdf)

<use ./Pics1/Saffman_new/ST_Heterog_1000.pdf>
Package pdftex.def Info: ./Pics1/Saffman_new/ST_Heterog_1000.pdf used on input 
line 203.
(pdftex.def)             Requested size: 175.49881pt x 174.44188pt.

<./Pics1/Saffman_new/ST_Heterog_1500.pdf, id=958, 374.14781pt x 373.395pt>
File: ./Pics1/Saffman_new/ST_Heterog_1500.pdf Graphic file (type pdf)

<use ./Pics1/Saffman_new/ST_Heterog_1500.pdf>
Package pdftex.def Info: ./Pics1/Saffman_new/ST_Heterog_1500.pdf used on input 
line 206.
(pdftex.def)             Requested size: 175.49881pt x 175.14812pt.

<./Pics1/Saffman_new/ST_Heterog_1800.pdf, id=959, 374.90062pt x 374.14781pt>
File: ./Pics1/Saffman_new/ST_Heterog_1800.pdf Graphic file (type pdf)

<use ./Pics1/Saffman_new/ST_Heterog_1800.pdf>
Package pdftex.def Info: ./Pics1/Saffman_new/ST_Heterog_1800.pdf used on input 
line 207.
(pdftex.def)             Requested size: 175.49881pt x 175.14728pt.

<./Pics1/Saffman_new/ST_Heterog_2180.pdf, id=960, 374.14781pt x 374.14781pt>
File: ./Pics1/Saffman_new/ST_Heterog_2180.pdf Graphic file (type pdf)

<use ./Pics1/Saffman_new/ST_Heterog_2180.pdf>
Package pdftex.def Info: ./Pics1/Saffman_new/ST_Heterog_2180.pdf used on input 
line 208.
(pdftex.def)             Requested size: 175.49881pt x 175.50124pt.


LaTeX Warning: Float too large for page by 29.94513pt on input line 212.

[42 <./Pics1/Saffman_new/ST_Heterog_50.pdf> <./Pics1/Saffman_new/ST_Heterog_500
.pdf> <./Pics1/Saffman_new/ST_Heterog_1000.pdf> <./Pics1/Saffman_new/ST_Heterog
_1500.pdf> <./Pics1/Saffman_new/ST_Heterog_1800.pdf> <./Pics1/Saffman_new/ST_He
terog_2180.pdf>]
<./Pics1/Saffman_homogeneous_VR10/ST_Homog_VR10_D2201_W2b.pdf, id=991, 436.6312
6pt x 322.20375pt>
File: ./Pics1/Saffman_homogeneous_VR10/ST_Homog_VR10_D2201_W2b.pdf Graphic file
 (type pdf)

<use ./Pics1/Saffman_homogeneous_VR10/ST_Homog_VR10_D2201_W2b.pdf>
Package pdftex.def Info: ./Pics1/Saffman_homogeneous_VR10/ST_Homog_VR10_D2201_W
2b.pdf used on input line 223.
(pdftex.def)             Requested size: 195.0pt x 143.89398pt.

<./Pics1/Saffman_homogeneous_VR150/ST_Homog_VR150_D5003_W2b.pdf, id=992, 434.62
375pt x 321.2pt>
File: ./Pics1/Saffman_homogeneous_VR150/ST_Homog_VR150_D5003_W2b.pdf Graphic fi
le (type pdf)

<use ./Pics1/Saffman_homogeneous_VR150/ST_Homog_VR150_D5003_W2b.pdf>
Package pdftex.def Info: ./Pics1/Saffman_homogeneous_VR150/ST_Homog_VR150_D5003
_W2b.pdf used on input line 224.
(pdftex.def)             Requested size: 195.0pt x 144.11226pt.

<./Pics1/Saffman_heterogeneous_VR10/ST_Heterog_VR10_D11000_W2b.pdf, id=993, 433
.62pt x 321.2pt>
File: ./Pics1/Saffman_heterogeneous_VR10/ST_Heterog_VR10_D11000_W2b.pdf Graphic
 file (type pdf)

<use ./Pics1/Saffman_heterogeneous_VR10/ST_Heterog_VR10_D11000_W2b.pdf>
Package pdftex.def Info: ./Pics1/Saffman_heterogeneous_VR10/ST_Heterog_VR10_D11
000_W2b.pdf used on input line 227.
(pdftex.def)             Requested size: 195.0pt x 144.44554pt.

<./Pics1/Saffman_heterogeneous_VR150/ST_Heterog_VR150_D6500_W2b.pdf, id=994, 43
4.62375pt x 321.2pt>
File: ./Pics1/Saffman_heterogeneous_VR150/ST_Heterog_VR150_D6500_W2b.pdf Graphi
c file (type pdf)

<use ./Pics1/Saffman_heterogeneous_VR150/ST_Heterog_VR150_D6500_W2b.pdf>
Package pdftex.def Info: ./Pics1/Saffman_heterogeneous_VR150/ST_Heterog_VR150_D
6500_W2b.pdf used on input line 228.
(pdftex.def)             Requested size: 195.0pt x 144.11226pt.

[43 <./Pics1/Saffman_homogeneous_VR10/ST_Homog_VR10_D2201_W2b.pdf> <./Pics1/Saf
fman_homogeneous_VR150/ST_Homog_VR150_D5003_W2b.pdf> <./Pics1/Saffman_heterogen
eous_VR10/ST_Heterog_VR10_D11000_W2b.pdf> <./Pics1/Saffman_heterogeneous_VR150/
ST_Heterog_VR150_D6500_W2b.pdf>]
<./Pics1/Section4_4/Five_regions_adapt_MeshPerm.pdf, id=1038, 551.05875pt x 308
.15125pt>
File: ./Pics1/Section4_4/Five_regions_adapt_MeshPerm.pdf Graphic file (type pdf
)
 <use ./Pics1/Section4_4/Five_regions_adapt_MeshPerm.pdf>
Package pdftex.def Info: ./Pics1/Section4_4/Five_regions_adapt_MeshPerm.pdf use
d on input line 253.
(pdftex.def)             Requested size: 390.0pt x 218.0977pt.

<./Pics1/Section4_4/Five_regions_adapt_MeshSat1.pdf, id=1039, 551.05875pt x 308
.15125pt>
File: ./Pics1/Section4_4/Five_regions_adapt_MeshSat1.pdf Graphic file (type pdf
)
 <use ./Pics1/Section4_4/Five_regions_adapt_MeshSat1.pdf>
Package pdftex.def Info: ./Pics1/Section4_4/Five_regions_adapt_MeshSat1.pdf use
d on input line 258.
(pdftex.def)             Requested size: 390.0pt x 218.0977pt.
 [44 <./Pics1/Section4_4/Five_regions_adapt_MeshPerm.pdf> <./Pics1/Section4_4/F
ive_regions_adapt_MeshSat1.pdf>]
<./Pics1/Section4_4/5r_po_left_inlet_D0b.pdf, id=1060, 551.05875pt x 308.15125p
t>
File: ./Pics1/Section4_4/5r_po_left_inlet_D0b.pdf Graphic file (type pdf)
 <use ./Pics1/Section4_4/5r_po_left_inlet_D0b.pdf>
Package pdftex.def Info: ./Pics1/Section4_4/5r_po_left_inlet_D0b.pdf used on in
put line 278.
(pdftex.def)             Requested size: 175.49881pt x 98.1402pt.

<./Pics1/Section4_4/5r_po_left_inlet_D350b.pdf, id=1061, 551.05875pt x 308.1512
5pt>
File: ./Pics1/Section4_4/5r_po_left_inlet_D350b.pdf Graphic file (type pdf)
 <use ./Pics1/Section4_4/5r_po_left_inlet_D350b.pdf>
Package pdftex.def Info: ./Pics1/Section4_4/5r_po_left_inlet_D350b.pdf used on 
input line 279.
(pdftex.def)             Requested size: 175.49881pt x 98.1402pt.

<./Pics1/Section4_4/5r_po_left_inlet_D100b.pdf, id=1062, 551.05875pt x 308.1512
5pt>
File: ./Pics1/Section4_4/5r_po_left_inlet_D100b.pdf Graphic file (type pdf)
 <use ./Pics1/Section4_4/5r_po_left_inlet_D100b.pdf>
Package pdftex.def Info: ./Pics1/Section4_4/5r_po_left_inlet_D100b.pdf used on 
input line 281.
(pdftex.def)             Requested size: 175.49881pt x 98.1402pt.

<./Pics1/Section4_4/5r_po_left_inlet_D700b.pdf, id=1063, 551.05875pt x 308.1512
5pt>
File: ./Pics1/Section4_4/5r_po_left_inlet_D700b.pdf Graphic file (type pdf)
 <use ./Pics1/Section4_4/5r_po_left_inlet_D700b.pdf>
Package pdftex.def Info: ./Pics1/Section4_4/5r_po_left_inlet_D700b.pdf used on 
input line 282.
(pdftex.def)             Requested size: 175.49881pt x 98.1402pt.

<./Pics1/Section4_4/5r_po_left_inlet_D150b.pdf, id=1064, 551.05875pt x 308.1512
5pt>
File: ./Pics1/Section4_4/5r_po_left_inlet_D150b.pdf Graphic file (type pdf)
 <use ./Pics1/Section4_4/5r_po_left_inlet_D150b.pdf>
Package pdftex.def Info: ./Pics1/Section4_4/5r_po_left_inlet_D150b.pdf used on 
input line 284.
(pdftex.def)             Requested size: 175.49881pt x 98.1402pt.

<./Pics1/Section4_4/5r_po_left_inlet_D1000b.pdf, id=1065, 551.05875pt x 308.151
25pt>
File: ./Pics1/Section4_4/5r_po_left_inlet_D1000b.pdf Graphic file (type pdf)
 <use ./Pics1/Section4_4/5r_po_left_inlet_D1000b.pdf>
Package pdftex.def Info: ./Pics1/Section4_4/5r_po_left_inlet_D1000b.pdf used on
 input line 285.
(pdftex.def)             Requested size: 175.49881pt x 98.1402pt.

<./Pics1/Section4_4/5r_po_left_inlet_D200b.pdf, id=1066, 551.05875pt x 308.1512
5pt>
File: ./Pics1/Section4_4/5r_po_left_inlet_D200b.pdf Graphic file (type pdf)
 <use ./Pics1/Section4_4/5r_po_left_inlet_D200b.pdf>
Package pdftex.def Info: ./Pics1/Section4_4/5r_po_left_inlet_D200b.pdf used on 
input line 287.
(pdftex.def)             Requested size: 175.49881pt x 98.1402pt.

<./Pics1/Section4_4/5r_po_left_inlet_D1500b.pdf, id=1067, 551.05875pt x 308.151
25pt>
File: ./Pics1/Section4_4/5r_po_left_inlet_D1500b.pdf Graphic file (type pdf)
 <use ./Pics1/Section4_4/5r_po_left_inlet_D1500b.pdf>
Package pdftex.def Info: ./Pics1/Section4_4/5r_po_left_inlet_D1500b.pdf used on
 input line 288.
(pdftex.def)             Requested size: 175.49881pt x 98.1402pt.

<./Pics1/Section4_4/5r_po_left_inlet_D250b.pdf, id=1068, 551.05875pt x 308.1512
5pt>
File: ./Pics1/Section4_4/5r_po_left_inlet_D250b.pdf Graphic file (type pdf)
 <use ./Pics1/Section4_4/5r_po_left_inlet_D250b.pdf>
Package pdftex.def Info: ./Pics1/Section4_4/5r_po_left_inlet_D250b.pdf used on 
input line 290.
(pdftex.def)             Requested size: 175.49881pt x 98.1402pt.


LaTeX Warning: Float too large for page by 25.29381pt on input line 294.

[45 <./Pics1/Section4_4/5r_po_left_inlet_D0b.pdf> <./Pics1/Section4_4/5r_po_lef
t_inlet_D350b.pdf> <./Pics1/Section4_4/5r_po_left_inlet_D100b.pdf> <./Pics1/Sec
tion4_4/5r_po_left_inlet_D700b.pdf> <./Pics1/Section4_4/5r_po_left_inlet_D150b.
pdf> <./Pics1/Section4_4/5r_po_left_inlet_D1000b.pdf> <./Pics1/Section4_4/5r_po
_left_inlet_D200b.pdf> <./Pics1/Section4_4/5r_po_left_inlet_D1500b.pdf> <./Pics
1/Section4_4/5r_po_left_inlet_D250b.pdf>]
<./Pics1/Section4_4/5r_po_left_inlet_adapt_D0b.pdf, id=1136, 551.05875pt x 308.
15125pt>
File: ./Pics1/Section4_4/5r_po_left_inlet_adapt_D0b.pdf Graphic file (type pdf)

 <use ./Pics1/Section4_4/5r_po_left_inlet_adapt_D0b.pdf>
Package pdftex.def Info: ./Pics1/Section4_4/5r_po_left_inlet_adapt_D0b.pdf used
 on input line 304.
(pdftex.def)             Requested size: 175.49881pt x 98.1402pt.

<./Pics1/Section4_4/5r_po_left_inlet_adapt_D350b.pdf, id=1137, 551.05875pt x 31
9.1925pt>
File: ./Pics1/Section4_4/5r_po_left_inlet_adapt_D350b.pdf Graphic file (type pd
f)
 <use ./Pics1/Section4_4/5r_po_left_inlet_adapt_D350b.pdf>
Package pdftex.def Info: ./Pics1/Section4_4/5r_po_left_inlet_adapt_D350b.pdf us
ed on input line 305.
(pdftex.def)             Requested size: 175.49881pt x 101.65663pt.

<./Pics1/Section4_4/5r_po_left_inlet_adapt_D100b.pdf, id=1138, 551.05875pt x 31
9.1925pt>
File: ./Pics1/Section4_4/5r_po_left_inlet_adapt_D100b.pdf Graphic file (type pd
f)
 <use ./Pics1/Section4_4/5r_po_left_inlet_adapt_D100b.pdf>
Package pdftex.def Info: ./Pics1/Section4_4/5r_po_left_inlet_adapt_D100b.pdf us
ed on input line 307.
(pdftex.def)             Requested size: 175.49881pt x 101.65663pt.

<./Pics1/Section4_4/5r_po_left_inlet_adapt_D700b.pdf, id=1139, 551.05875pt x 31
9.1925pt>
File: ./Pics1/Section4_4/5r_po_left_inlet_adapt_D700b.pdf Graphic file (type pd
f)
 <use ./Pics1/Section4_4/5r_po_left_inlet_adapt_D700b.pdf>
Package pdftex.def Info: ./Pics1/Section4_4/5r_po_left_inlet_adapt_D700b.pdf us
ed on input line 308.
(pdftex.def)             Requested size: 175.49881pt x 101.65663pt.

<./Pics1/Section4_4/5r_po_left_inlet_adapt_D150b.pdf, id=1140, 551.05875pt x 31
9.1925pt>
File: ./Pics1/Section4_4/5r_po_left_inlet_adapt_D150b.pdf Graphic file (type pd
f)
 <use ./Pics1/Section4_4/5r_po_left_inlet_adapt_D150b.pdf>
Package pdftex.def Info: ./Pics1/Section4_4/5r_po_left_inlet_adapt_D150b.pdf us
ed on input line 310.
(pdftex.def)             Requested size: 175.49881pt x 101.65663pt.

<./Pics1/Section4_4/5r_po_left_inlet_adapt_D1000b.pdf, id=1141, 551.05875pt x 3
19.1925pt>
File: ./Pics1/Section4_4/5r_po_left_inlet_adapt_D1000b.pdf Graphic file (type p
df)
 <use ./Pics1/Section4_4/5r_po_left_inlet_adapt_D1000b.pdf>
Package pdftex.def Info: ./Pics1/Section4_4/5r_po_left_inlet_adapt_D1000b.pdf u
sed on input line 311.
(pdftex.def)             Requested size: 175.49881pt x 101.65663pt.

<./Pics1/Section4_4/5r_po_left_inlet_adapt_D200b.pdf, id=1142, 551.05875pt x 31
9.1925pt>
File: ./Pics1/Section4_4/5r_po_left_inlet_adapt_D200b.pdf Graphic file (type pd
f)
 <use ./Pics1/Section4_4/5r_po_left_inlet_adapt_D200b.pdf>
Package pdftex.def Info: ./Pics1/Section4_4/5r_po_left_inlet_adapt_D200b.pdf us
ed on input line 313.
(pdftex.def)             Requested size: 175.49881pt x 101.65663pt.

<./Pics1/Section4_4/5r_po_left_inlet_adapt_D1500b.pdf, id=1143, 551.05875pt x 3
19.1925pt>
File: ./Pics1/Section4_4/5r_po_left_inlet_adapt_D1500b.pdf Graphic file (type p
df)
 <use ./Pics1/Section4_4/5r_po_left_inlet_adapt_D1500b.pdf>
Package pdftex.def Info: ./Pics1/Section4_4/5r_po_left_inlet_adapt_D1500b.pdf u
sed on input line 314.
(pdftex.def)             Requested size: 175.49881pt x 101.65663pt.

<./Pics1/Section4_4/5r_po_left_inlet_adapt_D250b.pdf, id=1144, 551.05875pt x 31
9.1925pt>
File: ./Pics1/Section4_4/5r_po_left_inlet_adapt_D250b.pdf Graphic file (type pd
f)
 <use ./Pics1/Section4_4/5r_po_left_inlet_adapt_D250b.pdf>
Package pdftex.def Info: ./Pics1/Section4_4/5r_po_left_inlet_adapt_D250b.pdf us
ed on input line 316.
(pdftex.def)             Requested size: 175.49881pt x 101.65663pt.


LaTeX Warning: Float too large for page by 11.92322pt on input line 320.

[46 <./Pics1/Section4_4/5r_po_left_inlet_adapt_D0b.pdf> <./Pics1/Section4_4/5r_
po_left_inlet_adapt_D350b.pdf> <./Pics1/Section4_4/5r_po_left_inlet_adapt_D100b
.pdf> <./Pics1/Section4_4/5r_po_left_inlet_adapt_D700b.pdf> <./Pics1/Section4_4
/5r_po_left_inlet_adapt_D150b.pdf> <./Pics1/Section4_4/5r_po_left_inlet_adapt_D
1000b.pdf> <./Pics1/Section4_4/5r_po_left_inlet_adapt_D200b.pdf> <./Pics1/Secti
on4_4/5r_po_left_inlet_adapt_D1500b.pdf> <./Pics1/Section4_4/5r_po_left_inlet_a
dapt_D250b.pdf>]
<./Pics1/Section4_4/Five_regions_adapt_PlotTimeNodesElements.pdf, id=1212, 845.
1575pt x 597.23125pt>
File: ./Pics1/Section4_4/Five_regions_adapt_PlotTimeNodesElements.pdf Graphic f
ile (type pdf)

<use ./Pics1/Section4_4/Five_regions_adapt_PlotTimeNodesElements.pdf>
Package pdftex.def Info: ./Pics1/Section4_4/Five_regions_adapt_PlotTimeNodesEle
ments.pdf used on input line 329.
(pdftex.def)             Requested size: 390.0pt x 275.59544pt.

<./Pics1/Section4_4/5r_po_left_inlet_D250_meshb.pdf, id=1213, 551.05875pt x 308
.15125pt>
File: ./Pics1/Section4_4/5r_po_left_inlet_D250_meshb.pdf Graphic file (type pdf
)
 <use ./Pics1/Section4_4/5r_po_left_inlet_D250_meshb.pdf>
Package pdftex.def Info: ./Pics1/Section4_4/5r_po_left_inlet_D250_meshb.pdf use
d on input line 342.
(pdftex.def)             Requested size: 195.00078pt x 116.99994pt.

<./Pics1/Section4_4/5r_po_left_inlet_adapt_D250_edb.pdf, id=1215, 551.47026pt x
 319.4635pt>
File: ./Pics1/Section4_4/5r_po_left_inlet_adapt_D250_edb.pdf Graphic file (type
 pdf)
 <use ./Pics1/Section4_4/5r_po_left_inlet_adapt_D250_edb.pdf>
Package pdftex.def Info: ./Pics1/Section4_4/5r_po_left_inlet_adapt_D250_edb.pdf
 used on input line 343.
(pdftex.def)             Requested size: 194.99493pt x 128.70442pt.

<./Pics1/Section4_4/5r_po_left_inlet_D251_Zoom1b.pdf, id=1217, 551.05875pt x 30
8.15125pt>
File: ./Pics1/Section4_4/5r_po_left_inlet_D251_Zoom1b.pdf Graphic file (type pd
f)
 <use ./Pics1/Section4_4/5r_po_left_inlet_D251_Zoom1b.pdf>
Package pdftex.def Info: ./Pics1/Section4_4/5r_po_left_inlet_D251_Zoom1b.pdf us
ed on input line 348.
(pdftex.def)             Requested size: 195.00078pt x 116.99994pt.

<./Pics1/Section4_4/5r_po_left_inlet_adapt_D251_Zoom1b.pdf, id=1219, 551.05875p
t x 308.15125pt>
File: ./Pics1/Section4_4/5r_po_left_inlet_adapt_D251_Zoom1b.pdf Graphic file (t
ype pdf)

<use ./Pics1/Section4_4/5r_po_left_inlet_adapt_D251_Zoom1b.pdf>
Package pdftex.def Info: ./Pics1/Section4_4/5r_po_left_inlet_adapt_D251_Zoom1b.
pdf used on input line 349.
(pdftex.def)             Requested size: 195.00078pt x 116.99994pt.

<./Pics1/Section4_4/5r_po_left_inlet_D251_Zoom2b.pdf, id=1221, 551.05875pt x 30
8.15125pt>
File: ./Pics1/Section4_4/5r_po_left_inlet_D251_Zoom2b.pdf Graphic file (type pd
f)
 <use ./Pics1/Section4_4/5r_po_left_inlet_D251_Zoom2b.pdf>
Package pdftex.def Info: ./Pics1/Section4_4/5r_po_left_inlet_D251_Zoom2b.pdf us
ed on input line 351.
(pdftex.def)             Requested size: 195.00078pt x 116.99994pt.

<./Pics1/Section4_4/5r_po_left_inlet_adapt_D251_Zoom2b.pdf, id=1223, 551.05875p
t x 308.15125pt>
File: ./Pics1/Section4_4/5r_po_left_inlet_adapt_D251_Zoom2b.pdf Graphic file (t
ype pdf)

<use ./Pics1/Section4_4/5r_po_left_inlet_adapt_D251_Zoom2b.pdf>
Package pdftex.def Info: ./Pics1/Section4_4/5r_po_left_inlet_adapt_D251_Zoom2b.
pdf used on input line 352.
(pdftex.def)             Requested size: 195.00078pt x 116.99994pt.
 [47
























 <./Pics1/Section4_4/Five_regions_adapt_PlotTimeNodesElements.pdf, page is rota
ted 90 degrees>] [48 <./Pics1/Section4_4/5r_po_left_inlet_D250_meshb.pdf> <./Pi
cs1/Section4_4/5r_po_left_inlet_adapt_D250_edb.pdf> <./Pics1/Section4_4/5r_po_l
eft_inlet_D251_Zoom1b.pdf> <./Pics1/Section4_4/5r_po_left_inlet_adapt_D251_Zoom
1b.pdf> <./Pics1/Section4_4/5r_po_left_inlet_D251_Zoom2b.pdf> <./Pics1/Section4
_4/5r_po_left_inlet_adapt_D251_Zoom2b.pdf>]
<./Pics1/3D_Channel/Test_SlowNew_MeshPermeability.pdf, id=1286, 551.05875pt x 3
27.2225pt>
File: ./Pics1/3D_Channel/Test_SlowNew_MeshPermeability.pdf Graphic file (type p
df)
 <use ./Pics1/3D_Channel/Test_SlowNew_MeshPermeability.pdf>
Package pdftex.def Info: ./Pics1/3D_Channel/Test_SlowNew_MeshPermeability.pdf u
sed on input line 367.
(pdftex.def)             Requested size: 390.0pt x 231.59563pt.
 [49

 <./Pics1/3D_Channel/Test_SlowNew_MeshPermeability.pdf>]
<./Pics1/3D_Channel/3D_channel_darcy_vel_planes_490_1_1.pdf, id=1299, 597.23125
pt x 845.1575pt>
File: ./Pics1/3D_Channel/3D_channel_darcy_vel_planes_490_1_1.pdf Graphic file (
type pdf)

<use ./Pics1/3D_Channel/3D_channel_darcy_vel_planes_490_1_1.pdf>
Package pdftex.def Info: ./Pics1/3D_Channel/3D_channel_darcy_vel_planes_490_1_1
.pdf used on input line 382.
(pdftex.def)             Requested size: 390.0pt x 551.89929pt.

<./Pics1/3D_Channel/3D_channel_darcy_vel_planes_30_1_1.pdf, id=1300, 597.23125p
t x 845.1575pt>
File: ./Pics1/3D_Channel/3D_channel_darcy_vel_planes_30_1_1.pdf Graphic file (t
ype pdf)

<use ./Pics1/3D_Channel/3D_channel_darcy_vel_planes_30_1_1.pdf>
Package pdftex.def Info: ./Pics1/3D_Channel/3D_channel_darcy_vel_planes_30_1_1.
pdf used on input line 388.
(pdftex.def)             Requested size: 390.0pt x 551.89929pt.
 [50 <./Pics1/3D_Channel/3D_channel_darcy_vel_planes_490_1_1.pdf> <./Pics1/3D_C
hannel/3D_channel_darcy_vel_planes_30_1_1.pdf>]
<./Pics1/3D_Channel/3D_channel_sat_30.pdf, id=1315, 596.2275pt x 365.86688pt>
File: ./Pics1/3D_Channel/3D_channel_sat_30.pdf Graphic file (type pdf)

<use ./Pics1/3D_Channel/3D_channel_sat_30.pdf>
Package pdftex.def Info: ./Pics1/3D_Channel/3D_channel_sat_30.pdf used on input
 line 408.
(pdftex.def)             Requested size: 234.00238pt x 143.59189pt.

<./Pics1/3D_Channel/3D_channel_sat_60.pdf, id=1316, 690.32906pt x 487.8225pt>
File: ./Pics1/3D_Channel/3D_channel_sat_60.pdf Graphic file (type pdf)

<use ./Pics1/3D_Channel/3D_channel_sat_60.pdf>
Package pdftex.def Info: ./Pics1/3D_Channel/3D_channel_sat_60.pdf used on input
 line 409.
(pdftex.def)             Requested size: 195.0pt x 137.79521pt.

<./Pics1/3D_Channel/3D_channel_sat_90.pdf, id=1317, 663.98062pt x 495.35063pt>
File: ./Pics1/3D_Channel/3D_channel_sat_90.pdf Graphic file (type pdf)

<use ./Pics1/3D_Channel/3D_channel_sat_90.pdf>
Package pdftex.def Info: ./Pics1/3D_Channel/3D_channel_sat_90.pdf used on input
 line 410.
(pdftex.def)             Requested size: 195.0pt x 145.47714pt.

<./Pics1/3D_Channel/3D_channel_sat_110.pdf, id=1318, 653.44125pt x 497.60907pt>
File: ./Pics1/3D_Channel/3D_channel_sat_110.pdf Graphic file (type pdf)
<use ./Pics1/3D_Channel/3D_channel_sat_110.pdf>
Package pdftex.def Info: ./Pics1/3D_Channel/3D_channel_sat_110.pdf used on inpu
t line 414.
(pdftex.def)             Requested size: 195.0pt x 148.4942pt.

<./Pics1/3D_Channel/3D_channel_sat_150.pdf, id=1319, 665.48625pt x 496.10344pt>
File: ./Pics1/3D_Channel/3D_channel_sat_150.pdf Graphic file (type pdf)
<use ./Pics1/3D_Channel/3D_channel_sat_150.pdf>
Package pdftex.def Info: ./Pics1/3D_Channel/3D_channel_sat_150.pdf used on inpu
t line 415.
(pdftex.def)             Requested size: 195.0pt x 145.36514pt.

<./Pics1/3D_Channel/3D_channel_sat_490.pdf, id=1320, 655.69969pt x 499.8675pt>
File: ./Pics1/3D_Channel/3D_channel_sat_490.pdf Graphic file (type pdf)

<use ./Pics1/3D_Channel/3D_channel_sat_490.pdf>
Package pdftex.def Info: ./Pics1/3D_Channel/3D_channel_sat_490.pdf used on inpu
t line 416.
(pdftex.def)             Requested size: 195.0pt x 148.65712pt.
 [51 <./Pics1/3D_Channel/3D_channel_sat_30.pdf> <./Pics1/3D_Channel/3D_channel_
sat_60.pdf> <./Pics1/3D_Channel/3D_channel_sat_90.pdf> <./Pics1/3D_Channel/3D_c
hannel_sat_110.pdf> <./Pics1/3D_Channel/3D_channel_sat_150.pdf> <./Pics1/3D_Cha
nnel/3D_channel_sat_490.pdf>]
<./Pics1/3D_Channel/3D_Channel_Saturation1Isosurface_D30c.pdf, id=1349, 460.721
25pt x 306.14375pt>
File: ./Pics1/3D_Channel/3D_Channel_Saturation1Isosurface_D30c.pdf Graphic file
 (type pdf)

<use ./Pics1/3D_Channel/3D_Channel_Saturation1Isosurface_D30c.pdf>
Package pdftex.def Info: ./Pics1/3D_Channel/3D_Channel_Saturation1Isosurface_D3
0c.pdf used on input line 432.
(pdftex.def)             Requested size: 214.5003pt x 175.49873pt.

<./Pics1/3D_Channel/3D_Channel_Saturation1Isosurface_D60c.pdf, id=1350, 367.372
5pt x 308.15125pt>
File: ./Pics1/3D_Channel/3D_Channel_Saturation1Isosurface_D60c.pdf Graphic file
 (type pdf)

<use ./Pics1/3D_Channel/3D_Channel_Saturation1Isosurface_D60c.pdf>
Package pdftex.def Info: ./Pics1/3D_Channel/3D_Channel_Saturation1Isosurface_D6
0c.pdf used on input line 433.
(pdftex.def)             Requested size: 195.0pt x 163.56857pt.

<./Pics1/3D_Channel/3D_Channel_Saturation1Isosurface_D90c.pdf, id=1351, 370.383
74pt x 307.1475pt>
File: ./Pics1/3D_Channel/3D_Channel_Saturation1Isosurface_D90c.pdf Graphic file
 (type pdf)

<use ./Pics1/3D_Channel/3D_Channel_Saturation1Isosurface_D90c.pdf>
Package pdftex.def Info: ./Pics1/3D_Channel/3D_Channel_Saturation1Isosurface_D9
0c.pdf used on input line 434.
(pdftex.def)             Requested size: 195.0pt x 161.70946pt.

<./Pics1/3D_Channel/3D_Channel_Saturation1Isosurface_D110c.pdf, id=1352, 370.38
374pt x 308.15125pt>
File: ./Pics1/3D_Channel/3D_Channel_Saturation1Isosurface_D110c.pdf Graphic fil
e (type pdf)

<use ./Pics1/3D_Channel/3D_Channel_Saturation1Isosurface_D110c.pdf>
Package pdftex.def Info: ./Pics1/3D_Channel/3D_Channel_Saturation1Isosurface_D1
10c.pdf used on input line 437.
(pdftex.def)             Requested size: 175.49881pt x 146.01129pt.

<./Pics1/3D_Channel/3D_Channel_Saturation1Isosurface_D150c.pdf, id=1353, 367.37
25pt x 303.1325pt>
File: ./Pics1/3D_Channel/3D_Channel_Saturation1Isosurface_D150c.pdf Graphic fil
e (type pdf)

<use ./Pics1/3D_Channel/3D_Channel_Saturation1Isosurface_D150c.pdf>
Package pdftex.def Info: ./Pics1/3D_Channel/3D_Channel_Saturation1Isosurface_D1
50c.pdf used on input line 438.
(pdftex.def)             Requested size: 175.49881pt x 144.81276pt.

<./Pics1/3D_Channel/3D_Channel_Saturation1Isosurface_D400c.pdf, id=1354, 373.39
5pt x 299.1175pt>
File: ./Pics1/3D_Channel/3D_Channel_Saturation1Isosurface_D400c.pdf Graphic fil
e (type pdf)

<use ./Pics1/3D_Channel/3D_Channel_Saturation1Isosurface_D400c.pdf>
Package pdftex.def Info: ./Pics1/3D_Channel/3D_Channel_Saturation1Isosurface_D4
00c.pdf used on input line 439.
(pdftex.def)             Requested size: 175.49881pt x 140.58524pt.


LaTeX Warning: Float too large for page by 13.01003pt on input line 443.

[52 <./Pics1/3D_Channel/3D_Channel_Saturation1Isosurface_D30c.pdf> <./Pics1/3D_
Channel/3D_Channel_Saturation1Isosurface_D60c.pdf> <./Pics1/3D_Channel/3D_Chann
el_Saturation1Isosurface_D90c.pdf> <./Pics1/3D_Channel/3D_Channel_Saturation1Is
osurface_D110c.pdf> <./Pics1/3D_Channel/3D_Channel_Saturation1Isosurface_D150c.
pdf> <./Pics1/3D_Channel/3D_Channel_Saturation1Isosurface_D400c.pdf>]
<./Pics1/3D_Channel/3D_channel_sat_adapt_30.pdf, id=1409, 451.6875pt x 290.5856
3pt>
File: ./Pics1/3D_Channel/3D_channel_sat_adapt_30.pdf Graphic file (type pdf)
 <use ./Pics1/3D_Channel/3D_channel_sat_adapt_30.pdf>
Package pdftex.def Info: ./Pics1/3D_Channel/3D_channel_sat_adapt_30.pdf used on
 input line 454.
(pdftex.def)             Requested size: 195.00064pt x 175.50111pt.

<./Pics1/3D_Channel/3D_channel_sat_adapt_60.pdf, id=1410, 615.0478pt x 422.3278
2pt>
File: ./Pics1/3D_Channel/3D_channel_sat_adapt_60.pdf Graphic file (type pdf)
 <use ./Pics1/3D_Channel/3D_channel_sat_adapt_60.pdf>
Package pdftex.def Info: ./Pics1/3D_Channel/3D_channel_sat_adapt_60.pdf used on
 input line 455.
(pdftex.def)             Requested size: 195.0pt x 133.89748pt.

<./Pics1/3D_Channel/3D_channel_sat_adapt_90.pdf, id=1411, 605.26125pt x 402.754
68pt>
File: ./Pics1/3D_Channel/3D_channel_sat_adapt_90.pdf Graphic file (type pdf)
 <use ./Pics1/3D_Channel/3D_channel_sat_adapt_90.pdf>
Package pdftex.def Info: ./Pics1/3D_Channel/3D_channel_sat_adapt_90.pdf used on
 input line 456.
(pdftex.def)             Requested size: 195.0pt x 129.75679pt.

<./Pics1/3D_Channel/3D_channel_sat_adapt_110.pdf, id=1412, 594.72188pt x 395.97
937pt>
File: ./Pics1/3D_Channel/3D_channel_sat_adapt_110.pdf Graphic file (type pdf)
 <use ./Pics1/3D_Channel/3D_channel_sat_adapt_110.pdf>
Package pdftex.def Info: ./Pics1/3D_Channel/3D_channel_sat_adapt_110.pdf used o
n input line 459.
(pdftex.def)             Requested size: 175.49881pt x 116.84915pt.

<./Pics1/3D_Channel/3D_channel_sat_adapt_150.pdf, id=1413, 585.68813pt x 416.30
531pt>
File: ./Pics1/3D_Channel/3D_channel_sat_adapt_150.pdf Graphic file (type pdf)
 <use ./Pics1/3D_Channel/3D_channel_sat_adapt_150.pdf>
Package pdftex.def Info: ./Pics1/3D_Channel/3D_channel_sat_adapt_150.pdf used o
n input line 460.
(pdftex.def)             Requested size: 175.49881pt x 124.74644pt.

<./Pics1/3D_Channel/3D_channel_sat_adapt_288.pdf, id=1414, 580.41844pt x 416.30
531pt>
File: ./Pics1/3D_Channel/3D_channel_sat_adapt_288.pdf Graphic file (type pdf)
 <use ./Pics1/3D_Channel/3D_channel_sat_adapt_288.pdf>
Package pdftex.def Info: ./Pics1/3D_Channel/3D_channel_sat_adapt_288.pdf used o
n input line 461.
(pdftex.def)             Requested size: 175.49881pt x 125.87715pt.


LaTeX Warning: Float too large for page by 20.77547pt on input line 465.

[53 <./Pics1/3D_Channel/3D_channel_sat_adapt_30.pdf> <./Pics1/3D_Channel/3D_cha
nnel_sat_adapt_60.pdf> <./Pics1/3D_Channel/3D_channel_sat_adapt_90.pdf> <./Pics
1/3D_Channel/3D_channel_sat_adapt_110.pdf> <./Pics1/3D_Channel/3D_channel_sat_a
dapt_150.pdf> <./Pics1/3D_Channel/3D_channel_sat_adapt_288.pdf>]
<./Pics1/3D_Channel/3D_channel_sat_end.pdf, id=1445, 554.82281pt x 471.26062pt>
File: ./Pics1/3D_Channel/3D_channel_sat_end.pdf Graphic file (type pdf)
<use ./Pics1/3D_Channel/3D_channel_sat_end.pdf>
Package pdftex.def Info: ./Pics1/3D_Channel/3D_channel_sat_end.pdf used on inpu
t line 478.
(pdftex.def)             Requested size: 292.5pt x 248.44382pt.

<./Pics1/3D_Channel/3D_channel_sat_adapt_end.pdf, id=1446, 432.11438pt x 505.13
719pt>
File: ./Pics1/3D_Channel/3D_channel_sat_adapt_end.pdf Graphic file (type pdf)
 <use ./Pics1/3D_Channel/3D_channel_sat_adapt_end.pdf>
Package pdftex.def Info: ./Pics1/3D_Channel/3D_channel_sat_adapt_end.pdf used o
n input line 484.
(pdftex.def)             Requested size: 292.5pt x 341.93948pt.


LaTeX Warning: Float too large for page by 9.29866pt on input line 491.

[54 <./Pics1/3D_Channel/3D_channel_sat_end.pdf> <./Pics1/3D_Channel/3D_channel_
sat_adapt_end.pdf>]

pdfTeX warning: pdflatex (file ./Pics1/3D_ChannelAdaptive/Test_SlowNewAdapt_288
_Mesh_b.pdf): PDF inclusion: found PDF version <1.6>, but at most version <1.5>
 allowed

<./Pics1/3D_ChannelAdaptive/Test_SlowNewAdapt_288_Mesh_b.pdf, id=1459, 443.6575
pt x 289.76254pt>
File: ./Pics1/3D_ChannelAdaptive/Test_SlowNewAdapt_288_Mesh_b.pdf Graphic file 
(type pdf)

<use ./Pics1/3D_ChannelAdaptive/Test_SlowNewAdapt_288_Mesh_b.pdf>
Package pdftex.def Info: ./Pics1/3D_ChannelAdaptive/Test_SlowNewAdapt_288_Mesh_
b.pdf used on input line 503.
(pdftex.def)             Requested size: 390.0pt x 254.71768pt.


pdfTeX warning: pdflatex (file ./Pics1/3D_ChannelAdaptive/Test_SlowNewAdapt_288
_StreamLinesHoriz_b.pdf): PDF inclusion: found PDF version <1.6>, but at most v
ersion <1.5> allowed

<./Pics1/3D_ChannelAdaptive/Test_SlowNewAdapt_288_StreamLinesHoriz_b.pdf, id=14
60, 290.20119pt x 111.89705pt>
File: ./Pics1/3D_ChannelAdaptive/Test_SlowNewAdapt_288_StreamLinesHoriz_b.pdf G
raphic file (type pdf)

<use ./Pics1/3D_ChannelAdaptive/Test_SlowNewAdapt_288_StreamLinesHoriz_b.pdf>
Package pdftex.def Info: ./Pics1/3D_ChannelAdaptive/Test_SlowNewAdapt_288_Strea
mLinesHoriz_b.pdf used on input line 506.
(pdftex.def)             Requested size: 292.5pt x 112.78804pt.


pdfTeX warning: pdflatex (file ./Pics1/3D_ChannelAdaptive/Test_SlowNewAdapt_288
_Isosurface_b.pdf): PDF inclusion: found PDF version <1.6>, but at most version
 <1.5> allowed

<./Pics1/3D_ChannelAdaptive/Test_SlowNewAdapt_288_Isosurface_b.pdf, id=1461, 40
9.84116pt x 159.08333pt>
File: ./Pics1/3D_ChannelAdaptive/Test_SlowNewAdapt_288_Isosurface_b.pdf Graphic
 file (type pdf)

<use ./Pics1/3D_ChannelAdaptive/Test_SlowNewAdapt_288_Isosurface_b.pdf>
Package pdftex.def Info: ./Pics1/3D_ChannelAdaptive/Test_SlowNewAdapt_288_Isosu
rface_b.pdf used on input line 508.
(pdftex.def)             Requested size: 292.5pt x 113.54224pt.


LaTeX Warning: Float too large for page by 17.43073pt on input line 511.

[55 <./Pics1/3D_ChannelAdaptive/Test_SlowNewAdapt_288_Mesh_b.pdf> <./Pics1/3D_C
hannelAdaptive/Test_SlowNewAdapt_288_StreamLinesHoriz_b.pdf> <./Pics1/3D_Channe
lAdaptive/Test_SlowNewAdapt_288_Isosurface_b.pdf>]

pdfTeX warning: pdflatex (file ./Pics1/3D_ChannelAdaptive/Test_SlowNewAdapt_0_C
ontourPlotSlice_b.pdf): PDF inclusion: found PDF version <1.6>, but at most ver
sion <1.5> allowed

<./Pics1/3D_ChannelAdaptive/Test_SlowNewAdapt_0_ContourPlotSlice_b.pdf, id=1478
, 561.09625pt x 296.14641pt>
File: ./Pics1/3D_ChannelAdaptive/Test_SlowNewAdapt_0_ContourPlotSlice_b.pdf Gra
phic file (type pdf)

<use ./Pics1/3D_ChannelAdaptive/Test_SlowNewAdapt_0_ContourPlotSlice_b.pdf>
Package pdftex.def Info: ./Pics1/3D_ChannelAdaptive/Test_SlowNewAdapt_0_Contour
PlotSlice_b.pdf used on input line 522.
(pdftex.def)             Requested size: 292.5pt x 154.3811pt.


pdfTeX warning: pdflatex (file ./Pics1/3D_ChannelAdaptive/Test_SlowNewAdapt_20_
ContourPlotSlice_b.pdf): PDF inclusion: found PDF version <1.6>, but at most ve
rsion <1.5> allowed

<./Pics1/3D_ChannelAdaptive/Test_SlowNewAdapt_20_ContourPlotSlice_b.pdf, id=147
9, 490.27065pt x 208.516pt>
File: ./Pics1/3D_ChannelAdaptive/Test_SlowNewAdapt_20_ContourPlotSlice_b.pdf Gr
aphic file (type pdf)

<use ./Pics1/3D_ChannelAdaptive/Test_SlowNewAdapt_20_ContourPlotSlice_b.pdf>
Package pdftex.def Info: ./Pics1/3D_ChannelAdaptive/Test_SlowNewAdapt_20_Contou
rPlotSlice_b.pdf used on input line 523.
(pdftex.def)             Requested size: 272.99881pt x 116.11273pt.


pdfTeX warning: pdflatex (file ./Pics1/3D_ChannelAdaptive/Test_SlowNewAdapt_60_
ContourPlotSlice_b.pdf): PDF inclusion: found PDF version <1.6>, but at most ve
rsion <1.5> allowed

<./Pics1/3D_ChannelAdaptive/Test_SlowNewAdapt_60_ContourPlotSlice_b.pdf, id=148
0, 478.14836pt x 205.81894pt>
File: ./Pics1/3D_ChannelAdaptive/Test_SlowNewAdapt_60_ContourPlotSlice_b.pdf Gr
aphic file (type pdf)

<use ./Pics1/3D_ChannelAdaptive/Test_SlowNewAdapt_60_ContourPlotSlice_b.pdf>
Package pdftex.def Info: ./Pics1/3D_ChannelAdaptive/Test_SlowNewAdapt_60_Contou
rPlotSlice_b.pdf used on input line 525.
(pdftex.def)             Requested size: 272.99881pt x 117.51585pt.


pdfTeX warning: pdflatex (file ./Pics1/3D_ChannelAdaptive/Test_SlowNewAdapt_120
_ContourPlotSlice_b.pdf): PDF inclusion: found PDF version <1.6>, but at most v
ersion <1.5> allowed

<./Pics1/3D_ChannelAdaptive/Test_SlowNewAdapt_120_ContourPlotSlice_b.pdf, id=14
81, 480.84404pt x 204.4709pt>
File: ./Pics1/3D_ChannelAdaptive/Test_SlowNewAdapt_120_ContourPlotSlice_b.pdf G
raphic file (type pdf)

<use ./Pics1/3D_ChannelAdaptive/Test_SlowNewAdapt_120_ContourPlotSlice_b.pdf>
Package pdftex.def Info: ./Pics1/3D_ChannelAdaptive/Test_SlowNewAdapt_120_Conto
urPlotSlice_b.pdf used on input line 526.
(pdftex.def)             Requested size: 272.99881pt x 116.09409pt.


pdfTeX warning: pdflatex (file ./Pics1/3D_ChannelAdaptive/Test_SlowNewAdapt_200
_ContourPlotSlice_b.pdf): PDF inclusion: found PDF version <1.6>, but at most v
ersion <1.5> allowed

<./Pics1/3D_ChannelAdaptive/Test_SlowNewAdapt_200_ContourPlotSlice_b.pdf, id=14
82, 479.0467pt x 203.57254pt>
File: ./Pics1/3D_ChannelAdaptive/Test_SlowNewAdapt_200_ContourPlotSlice_b.pdf G
raphic file (type pdf)

<use ./Pics1/3D_ChannelAdaptive/Test_SlowNewAdapt_200_ContourPlotSlice_b.pdf>
Package pdftex.def Info: ./Pics1/3D_ChannelAdaptive/Test_SlowNewAdapt_200_Conto
urPlotSlice_b.pdf used on input line 528.
(pdftex.def)             Requested size: 272.99881pt x 116.01268pt.


pdfTeX warning: pdflatex (file ./Pics1/3D_ChannelAdaptive/Test_SlowNewAdapt_288
_ContourPlotSlice_b.pdf): PDF inclusion: found PDF version <1.6>, but at most v
ersion <1.5> allowed

<./Pics1/3D_ChannelAdaptive/Test_SlowNewAdapt_288_ContourPlotSlice_b.pdf, id=14
83, 543.75816pt x 212.11044pt>
File: ./Pics1/3D_ChannelAdaptive/Test_SlowNewAdapt_288_ContourPlotSlice_b.pdf G
raphic file (type pdf)

<use ./Pics1/3D_ChannelAdaptive/Test_SlowNewAdapt_288_ContourPlotSlice_b.pdf>
Package pdftex.def Info: ./Pics1/3D_ChannelAdaptive/Test_SlowNewAdapt_288_Conto
urPlotSlice_b.pdf used on input line 529.
(pdftex.def)             Requested size: 272.99881pt x 106.49188pt.

[56















 <./Pics1/3D_ChannelAdaptive/Test_SlowNewAdapt_0_ContourPlotSlice_b.pdf> <./Pic
s1/3D_ChannelAdaptive/Test_SlowNewAdapt_20_ContourPlotSlice_b.pdf> <./Pics1/3D_
ChannelAdaptive/Test_SlowNewAdapt_60_ContourPlotSlice_b.pdf> <./Pics1/3D_Channe
lAdaptive/Test_SlowNewAdapt_120_ContourPlotSlice_b.pdf> <./Pics1/3D_ChannelAdap
tive/Test_SlowNewAdapt_200_ContourPlotSlice_b.pdf> <./Pics1/3D_ChannelAdaptive/
Test_SlowNewAdapt_288_ContourPlotSlice_b.pdf>])
Package atveryend Info: Empty hook `BeforeClearDocument' on input line 613.
Package atveryend Info: Empty hook `AfterLastShipout' on input line 613.

(Manuscript_ViscousInstabilities_KC.aux)
Package atveryend Info: Executing hook `AtVeryEndDocument' on input line 613.
Package atveryend Info: Executing hook `AtEndAfterFileList' on input line 613.
Package rerunfilecheck Info: File `Manuscript_ViscousInstabilities_KC.out' has 
not changed.
(rerunfilecheck)             Checksum: FC40A4DE8B992CE01A827B1DF4A6BF2C;768.


LaTeX Warning: There were undefined references.

Package atveryend Info: Empty hook `AtVeryVeryEnd' on input line 613.
 ) 
Here is how much of TeX's memory you used:
 7876 strings out of 493323
 134847 string characters out of 3128280
 209807 words of memory out of 3000000
 10971 multiletter control sequences out of 15000+200000
 19477 words of font info for 70 fonts, out of 3000000 for 9000
 1141 hyphenation exceptions out of 8191
 42i,13n,34p,1446b,549s stack positions out of 5000i,500n,10000p,200000b,50000s
<C:/Users/kchristou/AppData/Local/Programs/MiKTeX 2.9/fonts/type1/public/amsf
onts/cm/cmbx10.pfb><C:/Users/kchristou/AppData/Local/Programs/MiKTeX 2.9/fonts/
type1/public/amsfonts/cm/cmbx12.pfb><C:/Users/kchristou/AppData/Local/Programs/
MiKTeX 2.9/fonts/type1/public/amsfonts/cm/cmbxti10.pfb><C:/Users/kchristou/AppD
ata/Local/Programs/MiKTeX 2.9/fonts/type1/public/amsfonts/cm/cmex10.pfb><C:/Use
rs/kchristou/AppData/Local/Programs/MiKTeX 2.9/fonts/type1/public/amsfonts/cm/c
mmi10.pfb><C:/Users/kchristou/AppData/Local/Programs/MiKTeX 2.9/fonts/type1/pub
lic/amsfonts/cm/cmmi12.pfb><C:/Users/kchristou/AppData/Local/Programs/MiKTeX 2.
9/fonts/type1/public/amsfonts/cm/cmmi6.pfb><C:/Users/kchristou/AppData/Local/Pr
ograms/MiKTeX 2.9/fonts/type1/public/amsfonts/cm/cmmi7.pfb><C:/Users/kchristou/
AppData/Local/Programs/MiKTeX 2.9/fonts/type1/public/amsfonts/cm/cmmi8.pfb><C:/
Users/kchristou/AppData/Local/Programs/MiKTeX 2.9/fonts/type1/public/amsfonts/c
m/cmr10.pfb><C:/Users/kchristou/AppData/Local/Programs/MiKTeX 2.9/fonts/type1/p
ublic/amsfonts/cm/cmr12.pfb><C:/Users/kchristou/AppData/Local/Programs/MiKTeX 2
.9/fonts/type1/public/amsfonts/cm/cmr17.pfb><C:/Users/kchristou/AppData/Local/P
rograms/MiKTeX 2.9/fonts/type1/public/amsfonts/cm/cmr7.pfb><C:/Users/kchristou/
AppData/Local/Programs/MiKTeX 2.9/fonts/type1/public/amsfonts/cm/cmr8.pfb><C:/U
sers/kchristou/AppData/Local/Programs/MiKTeX 2.9/fonts/type1/public/amsfonts/cm
/cmsy10.pfb><C:/Users/kchristou/AppData/Local/Programs/MiKTeX 2.9/fonts/type1/p
ublic/amsfonts/cm/cmsy6.pfb><C:/Users/kchristou/AppData/Local/Programs/MiKTeX 2
.9/fonts/type1/public/amsfonts/cm/cmsy7.pfb><C:/Users/kchristou/AppData/Local/P
rograms/MiKTeX 2.9/fonts/type1/public/amsfonts/cm/cmsy8.pfb><C:/Users/kchristou
/AppData/Local/Programs/MiKTeX 2.9/fonts/type1/public/amsfonts/cm/cmti10.pfb><C
:/Users/kchristou/AppData/Local/Programs/MiKTeX 2.9/fonts/type1/public/amsfonts
/cm/cmti12.pfb><C:/Users/kchristou/AppData/Local/Programs/MiKTeX 2.9/fonts/type
1/public/amsfonts/cm/cmti7.pfb><C:/Users/kchristou/AppData/Local/Programs/MiKTe
X 2.9/fonts/type1/public/amsfonts/cm/cmtt10.pfb>
Output written on Manuscript_ViscousInstabilities_KC.pdf (56 pages, 37721025 by
tes).
PDF statistics:
 1619 PDF objects out of 1728 (max. 8388607)
 174 named destinations out of 1000 (max. 500000)
 640 words of extra memory for PDF output out of 10000 (max. 10000000)

